[    0.000000] Initializing cgroup subsys cpuset
[    0.000000] Initializing cgroup subsys cpu
[    0.000000] Initializing cgroup subsys cpuacct
[    0.000000] Linux version 4.4.0-210-generic (buildd@lgw01-amd64-009) (gcc version 5.4.0 20160609 (Ubuntu 5.4.0-6ubuntu1~16.04.12) ) #242-Ubuntu SMP Fri Apr 16 09:57:56 UTC 2021 (Ubuntu 4.4.0-210.242-generic 4.4.262)
[    0.000000] Command line: BOOT_IMAGE=/boot/vmlinuz-4.4.0-210-generic root=LABEL=cloudimg-rootfs ro console=tty1 console=ttyS0
[    0.000000] KERNEL supported cpus:
[    0.000000]   Intel GenuineIntel
[    0.000000]   AMD AuthenticAMD
[    0.000000]   Centaur CentaurHauls
[    0.000000] [Firmware Bug]: TSC doesn't count with P0 frequency!
[    0.000000] x86/fpu: xstate_offset[2]:  576, xstate_sizes[2]:  256
[    0.000000] x86/fpu: Supporting XSAVE feature 0x01: 'x87 floating point registers'
[    0.000000] x86/fpu: Supporting XSAVE feature 0x02: 'SSE registers'
[    0.000000] x86/fpu: Supporting XSAVE feature 0x04: 'AVX registers'
[    0.000000] x86/fpu: Enabled xstate features 0x7, context size is 832 bytes, using 'standard' format.
[    0.000000] e820: BIOS-provided physical RAM map:
[    0.000000] BIOS-e820: [mem 0x0000000000000000-0x000000000009fbff] usable
[    0.000000] BIOS-e820: [mem 0x000000000009fc00-0x000000000009ffff] reserved
[    0.000000] BIOS-e820: [mem 0x00000000000f0000-0x00000000000fffff] reserved
[    0.000000] BIOS-e820: [mem 0x0000000000100000-0x000000003ffeffff] usable
[    0.000000] BIOS-e820: [mem 0x000000003fff0000-0x000000003fffffff] ACPI data
[    0.000000] BIOS-e820: [mem 0x00000000fec00000-0x00000000fec00fff] reserved
[    0.000000] BIOS-e820: [mem 0x00000000fee00000-0x00000000fee00fff] reserved
[    0.000000] BIOS-e820: [mem 0x00000000fffc0000-0x00000000ffffffff] reserved
[    0.000000] NX (Execute Disable) protection: active
[    0.000000] SMBIOS 2.5 present.
[    0.000000] Hypervisor detected: KVM
[    0.000000] Kernel/User page tables isolation: disabled
[    0.000000] e820: last_pfn = 0x3fff0 max_arch_pfn = 0x400000000
[    0.000000] MTRR: Disabled
[    0.000000] x86/PAT: MTRRs disabled, skipping PAT initialization too.
[    0.000000] CPU MTRRs all blank - virtualized system.
[    0.000000] x86/PAT: Configuration [0-7]: WB  WT  UC- UC  WB  WT  UC- UC  
[    0.000000] found SMP MP-table at [mem 0x0009fff0-0x0009ffff] mapped at [ffff88000009fff0]
[    0.000000] Scanning 1 areas for low memory corruption
[    0.000000] RAMDISK: [mem 0x362dc000-0x37165fff]
[    0.000000] ACPI: Early table checksum verification disabled
[    0.000000] ACPI: RSDP 0x00000000000E0000 000024 (v02 VBOX  )
[    0.000000] ACPI: XSDT 0x000000003FFF0030 00003C (v01 VBOX   VBOXXSDT 00000001 ASL  00000061)
[    0.000000] ACPI: FACP 0x000000003FFF00F0 0000F4 (v04 VBOX   VBOXFACP 00000001 ASL  00000061)
[    0.000000] ACPI: DSDT 0x000000003FFF0610 002353 (v02 VBOX   VBOXBIOS 00000002 INTL 20100528)
[    0.000000] ACPI: FACS 0x000000003FFF0200 000040
[    0.000000] ACPI: FACS 0x000000003FFF0200 000040
[    0.000000] ACPI: APIC 0x000000003FFF0240 00005C (v02 VBOX   VBOXAPIC 00000001 ASL  00000061)
[    0.000000] ACPI: SSDT 0x000000003FFF02A0 00036C (v01 VBOX   VBOXCPUT 00000002 INTL 20100528)
[    0.000000] No NUMA configuration found
[    0.000000] Faking a node at [mem 0x0000000000000000-0x000000003ffeffff]
[    0.000000] NODE_DATA(0) allocated [mem 0x3ffeb000-0x3ffeffff]
[    0.000000] kvm-clock: Using msrs 4b564d01 and 4b564d00
[    0.000000] kvm-clock: cpu 0, msr 0:3ffe3001, primary cpu clock
[    0.000000] kvm-clock: using sched offset of 3712926225 cycles
[    0.000000] clocksource: kvm-clock: mask: 0xffffffffffffffff max_cycles: 0x1cd42e4dffb, max_idle_ns: 881590591483 ns
[    0.000000] Zone ranges:
[    0.000000]   DMA      [mem 0x0000000000001000-0x0000000000ffffff]
[    0.000000]   DMA32    [mem 0x0000000001000000-0x000000003ffeffff]
[    0.000000]   Normal   empty
[    0.000000]   Device   empty
[    0.000000] Movable zone start for each node
[    0.000000] Early memory node ranges
[    0.000000]   node   0: [mem 0x0000000000001000-0x000000000009efff]
[    0.000000]   node   0: [mem 0x0000000000100000-0x000000003ffeffff]
[    0.000000] Initmem setup node 0 [mem 0x0000000000001000-0x000000003ffeffff]
[    0.000000] ACPI: PM-Timer IO Port: 0x4008
[    0.000000] IOAPIC[0]: apic_id 2, version 32, address 0xfec00000, GSI 0-23
[    0.000000] ACPI: INT_SRC_OVR (bus 0 bus_irq 0 global_irq 2 dfl dfl)
[    0.000000] ACPI: INT_SRC_OVR (bus 0 bus_irq 9 global_irq 9 low level)
[    0.000000] Using ACPI (MADT) for SMP configuration information
[    0.000000] smpboot: Allowing 2 CPUs, 0 hotplug CPUs
[    0.000000] PM: Registered nosave memory: [mem 0x00000000-0x00000fff]
[    0.000000] PM: Registered nosave memory: [mem 0x0009f000-0x0009ffff]
[    0.000000] PM: Registered nosave memory: [mem 0x000a0000-0x000effff]
[    0.000000] PM: Registered nosave memory: [mem 0x000f0000-0x000fffff]
[    0.000000] e820: [mem 0x40000000-0xfebfffff] available for PCI devices
[    0.000000] Booting paravirtualized kernel on KVM
[    0.000000] clocksource: refined-jiffies: mask: 0xffffffff max_cycles: 0xffffffff, max_idle_ns: 7645519600211568 ns
[    0.000000] setup_percpu: NR_CPUS:512 nr_cpumask_bits:512 nr_cpu_ids:2 nr_node_ids:1
[    0.000000] PERCPU: Embedded 33 pages/cpu @ffff88003fc00000 s95192 r8192 d31784 u1048576
[    0.000000] Built 1 zonelists in Node order, mobility grouping on.  Total pages: 257912
[    0.000000] Policy zone: DMA32
[    0.000000] Kernel command line: BOOT_IMAGE=/boot/vmlinuz-4.4.0-210-generic root=LABEL=cloudimg-rootfs ro console=tty1 console=ttyS0
[    0.000000] PID hash table entries: 4096 (order: 3, 32768 bytes)
[    0.000000] Memory: 997792K/1048120K available (8644K kernel code, 1332K rwdata, 4044K rodata, 1492K init, 1164K bss, 50328K reserved, 0K cma-reserved)
[    0.000000] SLUB: HWalign=64, Order=0-3, MinObjects=0, CPUs=2, Nodes=1
[    0.000000] Hierarchical RCU implementation.
[    0.000000] 	Build-time adjustment of leaf fanout to 64.
[    0.000000] 	RCU restricting CPUs from NR_CPUS=512 to nr_cpu_ids=2.
[    0.000000] RCU: Adjusting geometry for rcu_fanout_leaf=64, nr_cpu_ids=2
[    0.000000] NR_IRQS:33024 nr_irqs:440 16
[    0.000000] Console: colour VGA+ 80x25
[    0.000000] console [tty1] enabled
[    0.000000] console [ttyS0] enabled
[    0.000000] tsc: Detected 2096.060 MHz processor
[    0.262702] Calibrating delay loop (skipped) preset value.. 4192.12 BogoMIPS (lpj=8384240)
[    0.265325] pid_max: default: 32768 minimum: 301
[    0.266723] ACPI: Core revision 20150930
[    0.269646] ACPI: 2 ACPI AML tables successfully acquired and loaded
[    0.271554] Security Framework initialized
[    0.272791] Yama: becoming mindful.
[    0.273994] AppArmor: AppArmor initialized
[    0.275338] Dentry cache hash table entries: 131072 (order: 8, 1048576 bytes)
[    0.277545] Inode-cache hash table entries: 65536 (order: 7, 524288 bytes)
[    0.281125] Mount-cache hash table entries: 2048 (order: 2, 16384 bytes)
[    0.282924] Mountpoint-cache hash table entries: 2048 (order: 2, 16384 bytes)
[    0.285348] Initializing cgroup subsys io
[    0.286672] Initializing cgroup subsys memory
[    0.288164] Initializing cgroup subsys devices
[    0.289538] Initializing cgroup subsys freezer
[    0.290904] Initializing cgroup subsys net_cls
[    0.292277] Initializing cgroup subsys perf_event
[    0.293769] Initializing cgroup subsys net_prio
[    0.295210] Initializing cgroup subsys hugetlb
[    0.296522] Initializing cgroup subsys pids
[    0.414821] mce: CPU supports 0 MCE banks
[    0.417270] Last level iTLB entries: 4KB 1024, 2MB 1024, 4MB 512
[    0.419973] Last level dTLB entries: 4KB 1536, 2MB 1536, 4MB 768, 1GB 0
[    0.422072] Spectre V1 : Mitigation: usercopy/swapgs barriers and __user pointer sanitization
[    0.424884] Spectre V2 : Spectre mitigation: LFENCE not serializing, switching to generic retpoline
[    0.427749] Spectre V2 : Mitigation: Full generic retpoline
[    0.429518] Spectre V2 : Spectre v2 / SpectreRSB mitigation: Filling RSB on context switch
[    0.435879] Freeing SMP alternatives memory: 36K
[    0.446666] ftrace: allocating 32380 entries in 127 pages
[    0.537200] smpboot: APIC(0) Converting physical 0 to logical package 0
[    0.540093] smpboot: Max logical packages: 1
[    0.543626] x2apic enabled
[    0.546153] Switched APIC routing to physical x2apic.
[    0.551620] ..TIMER: vector=0x30 apic1=0 pin1=2 apic2=-1 pin2=-1
[    0.662844] smpboot: CPU0: AMD Ryzen 5 3550H with Radeon Vega Mobile Gfx (family: 0x17, model: 0x18, stepping: 0x1)
[    0.665765] Performance Events: Broken PMU hardware detected, using software events only.
[    0.668072] Failed to access perfctr msr (MSR c0010007 is 0)
[    0.678551] KVM setup paravirtual spinlock
[    0.682629] x86: Booting SMP configuration:
[    0.683763] .... node  #0, CPUs:      #1
[    0.685079] kvm-clock: cpu 1, msr 0:3ffe3041, secondary cpu clock
[    0.797327] mce: CPU supports 0 MCE banks
[    0.800234] x86: Booted up 1 node, 2 CPUs
[    0.801714] smpboot: Total of 2 processors activated (8384.24 BogoMIPS)
[    0.804384] devtmpfs: initialized
[    0.808064] evm: security.selinux
[    0.809090] evm: security.SMACK64
[    0.810119] evm: security.SMACK64EXEC
[    0.811315] evm: security.SMACK64TRANSMUTE
[    0.812570] evm: security.SMACK64MMAP
[    0.813735] evm: security.ima
[    0.814835] evm: security.capability
[    0.817637] clocksource: jiffies: mask: 0xffffffff max_cycles: 0xffffffff, max_idle_ns: 7645041785100000 ns
[    0.820133] futex hash table entries: 512 (order: 3, 32768 bytes)
[    0.821919] pinctrl core: initialized pinctrl subsystem
[    0.823577] RTC time:  8:47:18, date: 02/14/23
[    0.826495] NET: Registered protocol family 16
[    0.838452] cpuidle: using governor ladder
[    0.850383] cpuidle: using governor menu
[    0.851655] PCCT header not found.
[    0.853530] ACPI: bus type PCI registered
[    0.854845] acpiphp: ACPI Hot Plug PCI Controller Driver version: 0.5
[    0.856519] PCI: Using configuration type 1 for base access
[    0.857979] PCI: Using configuration type 1 for extended access
[    0.872660] ACPI: Added _OSI(Module Device)
[    0.873989] ACPI: Added _OSI(Processor Device)
[    0.875310] ACPI: Added _OSI(3.0 _SCP Extensions)
[    0.876553] ACPI: Added _OSI(Processor Aggregator Device)
[    0.878666] ACPI: Executed 1 blocks of module-level executable AML code
[    0.882955] ACPI: Interpreter enabled
[    0.884086] ACPI: (supports S0 S5)
[    0.885121] ACPI: Using IOAPIC for interrupt routing
[    0.886663] PCI: Using host bridge windows from ACPI; if necessary, use "pci=nocrs" and report a bug
[    0.900489] ACPI: PCI Root Bridge [PCI0] (domain 0000 [bus 00-ff])
[    0.903437] acpi PNP0A03:00: _OSC: OS supports [ExtendedConfig ASPM ClockPM Segments MSI]
[    0.909540] acpi PNP0A03:00: _OSC: platform does not support [PCIeCapability]
[    0.912261] acpi PNP0A03:00: _OSC: not requesting control; platform does not support [PCIeCapability]
[    0.914583] acpi PNP0A03:00: _OSC: OS requested [PCIeHotplug PME AER PCIeCapability]
[    0.916715] acpi PNP0A03:00: _OSC: platform willing to grant [PCIeHotplug PME AER]
[    0.918813] acpi PNP0A03:00: _OSC failed (AE_SUPPORT); disabling ASPM
[    0.920983] PCI host bridge to bus 0000:00
[    0.922171] pci_bus 0000:00: root bus resource [io  0x0000-0x0cf7 window]
[    0.923938] pci_bus 0000:00: root bus resource [io  0x0d00-0xffff window]
[    0.925694] pci_bus 0000:00: root bus resource [mem 0x000a0000-0x000bffff window]
[    0.940047] pci_bus 0000:00: root bus resource [mem 0x40000000-0xfdffffff window]
[    0.942379] pci_bus 0000:00: root bus resource [bus 00-ff]
[    0.946546] pci 0000:00:01.1: legacy IDE quirk: reg 0x10: [io  0x01f0-0x01f7]
[    0.949694] pci 0000:00:01.1: legacy IDE quirk: reg 0x14: [io  0x03f6]
[    0.952342] pci 0000:00:01.1: legacy IDE quirk: reg 0x18: [io  0x0170-0x0177]
[    0.954327] pci 0000:00:01.1: legacy IDE quirk: reg 0x1c: [io  0x0376]
[    0.992313] pci 0000:00:07.0: quirk: [io  0x4000-0x403f] claimed by PIIX4 ACPI
[    0.994738] pci 0000:00:07.0: quirk: [io  0x4100-0x410f] claimed by PIIX4 SMB
[    1.021337] ACPI: PCI Interrupt Link [LNKA] (IRQs 5 9 10 *11)
[    1.023876] ACPI: PCI Interrupt Link [LNKB] (IRQs 5 9 *10 11)
[    1.025983] ACPI: PCI Interrupt Link [LNKC] (IRQs 5 *9 10 11)
[    1.028862] ACPI: PCI Interrupt Link [LNKD] (IRQs 5 9 10 *11)
[    1.031196] ACPI: Enabled 2 GPEs in block 00 to 07
[    1.033263] vgaarb: setting as boot device: PCI:0000:00:02.0
[    1.034866] vgaarb: device added: PCI:0000:00:02.0,decodes=io+mem,owns=io+mem,locks=none
[    1.037652] vgaarb: loaded
[    1.038619] vgaarb: bridge control possible 0000:00:02.0
[    1.040560] SCSI subsystem initialized
[    1.041904] ACPI: bus type USB registered
[    1.043173] usbcore: registered new interface driver usbfs
[    1.044769] usbcore: registered new interface driver hub
[    1.046326] usbcore: registered new device driver usb
[    1.048204] PCI: Using ACPI for IRQ routing
[    1.049952] NetLabel: Initializing
[    1.050976] NetLabel:  domain hash size = 128
[    1.052249] NetLabel:  protocols = UNLABELED CIPSOv4
[    1.053748] NetLabel:  unlabeled traffic allowed by default
[    1.056287] amd_nb: Cannot enumerate AMD northbridges
[    1.058193] clocksource: Switched to clocksource kvm-clock
[    1.072141] AppArmor: AppArmor Filesystem Enabled
[    1.073759] pnp: PnP ACPI init
[    1.075962] pnp: PnP ACPI: found 3 devices
[    1.088434] clocksource: acpi_pm: mask: 0xffffff max_cycles: 0xffffff, max_idle_ns: 2085701024 ns
[    1.091118] NET: Registered protocol family 2
[    1.092857] TCP established hash table entries: 8192 (order: 4, 65536 bytes)
[    1.094890] TCP bind hash table entries: 8192 (order: 5, 131072 bytes)
[    1.096680] TCP: Hash tables configured (established 8192 bind 8192)
[    1.098505] UDP hash table entries: 512 (order: 2, 16384 bytes)
[    1.100049] UDP-Lite hash table entries: 512 (order: 2, 16384 bytes)
[    1.101894] NET: Registered protocol family 1
[    1.103398] pci 0000:00:00.0: Limiting direct PCI/PCI transfers
[    1.105293] pci 0000:00:01.0: Activating ISA DMA hang workarounds
[    1.108553] Unpacking initramfs...
[    1.446010] Freeing initrd memory: 14888K
[    1.447902] clocksource: tsc: mask: 0xffffffffffffffff max_cycles: 0x1e36a685b69, max_idle_ns: 440795255641 ns
[    1.451049] platform rtc_cmos: registered platform RTC device (no PNP device found)
[    1.453312] Scanning for low memory corruption every 60 seconds
[    1.456410] audit: initializing netlink subsys (disabled)
[    1.458111] audit: type=2000 audit(1676364444.165:1): initialized
[    1.460170] Initialise system trusted keyring
[    1.461983] HugeTLB registered 2 MB page size, pre-allocated 0 pages
[    1.465250] zbud: loaded
[    1.467031] VFS: Disk quotas dquot_6.6.0
[    1.468304] VFS: Dquot-cache hash table entries: 512 (order 0, 4096 bytes)
[    1.470648] squashfs: version 4.0 (2009/01/31) Phillip Lougher
[    1.474473] fuse init (API version 7.23)
[    1.476000] Key type big_key registered
[    1.477136] Allocating IMA MOK and blacklist keyrings.
[    1.480414] Key type asymmetric registered
[    1.481602] Asymmetric key parser 'x509' registered
[    1.483233] Block layer SCSI generic (bsg) driver version 0.4 loaded (major 249)
[    1.485973] io scheduler noop registered
[    1.487312] io scheduler deadline registered (default)
[    1.489733] io scheduler cfq registered
[    1.491102] pci_hotplug: PCI Hot Plug PCI Core version: 0.5
[    1.492539] pciehp: PCI Express Hot Plug Controller Driver version: 0.4
[    1.494410] ACPI: AC Adapter [AC] (off-line)
[    1.495821] input: Power Button as /devices/LNXSYSTM:00/LNXPWRBN:00/input/input0
[    1.498055] ACPI: Power Button [PWRF]
[    1.499357] input: Sleep Button as /devices/LNXSYSTM:00/LNXSLPBN:00/input/input1
[    1.501580] ACPI: Sleep Button [SLPF]
[    1.503239] GHES: HEST is not enabled!
[    1.504086] ACPI: Battery Slot [BAT0] (battery present)
[    1.506791] Serial: 8250/16550 driver, 32 ports, IRQ sharing enabled
[    1.529390] 00:02: ttyS0 at I/O 0x3f8 (irq = 4, base_baud = 115200) is a 16550A
[    1.537506] Linux agpgart interface v0.103
[    1.543231] loop: module loaded
[    1.545308] scsi host0: ata_piix
[    1.546668] scsi host1: ata_piix
[    1.547756] ata1: PATA max UDMA/33 cmd 0x1f0 ctl 0x3f6 bmdma 0xd000 irq 14
[    1.549554] ata2: PATA max UDMA/33 cmd 0x170 ctl 0x376 bmdma 0xd008 irq 15
[    1.551878] libphy: Fixed MDIO Bus: probed
[    1.553262] tun: Universal TUN/TAP device driver, 1.6
[    1.554924] tun: (C) 1999-2004 Max Krasnyansky <maxk@qualcomm.com>
[    1.557016] PPP generic driver version 2.4.2
[    1.558482] ehci_hcd: USB 2.0 'Enhanced' Host Controller (EHCI) Driver
[    1.560554] ehci-pci: EHCI PCI platform driver
[    1.561951] ehci-platform: EHCI generic platform driver
[    1.563450] ohci_hcd: USB 1.1 'Open' Host Controller (OHCI) Driver
[    1.565225] ohci-pci: OHCI PCI platform driver
[    1.566698] ohci-platform: OHCI generic platform driver
[    1.568165] uhci_hcd: USB Universal Host Controller Interface driver
[    1.570073] i8042: PNP: PS/2 Controller [PNP0303:PS2K,PNP0f03:PS2M] at 0x60,0x64 irq 1,12
[    1.573100] serio: i8042 KBD port at 0x60,0x64 irq 1
[    1.574682] serio: i8042 AUX port at 0x60,0x64 irq 12
[    1.576503] mousedev: PS/2 mouse device common for all mice
[    1.578788] input: AT Translated Set 2 keyboard as /devices/platform/i8042/serio0/input/input2
[    1.581977] rtc_cmos rtc_cmos: rtc core: registered rtc_cmos as rtc0
[    1.583887] rtc_cmos rtc_cmos: alarms up to one day, 114 bytes nvram
[    1.585800] i2c /dev entries driver
[    1.587023] device-mapper: uevent: version 1.0.3
[    1.589492] device-mapper: ioctl: 4.34.0-ioctl (2015-10-28) initialised: dm-devel@redhat.com
[    1.592205] ledtrig-cpu: registered to indicate activity on CPUs
[    1.594791] NET: Registered protocol family 10
[    1.596852] NET: Registered protocol family 17
[    1.598133] Key type dns_resolver registered
[    1.600316] registered taskstats version 1
[    1.601653] Loading compiled-in X.509 certificates
[    1.603835] Loaded X.509 cert 'Build time autogenerated kernel key: cf00e047681d67edb2720680708b7d9498083038'
[    1.606694] zswap: loaded using pool lzo/zbud
[    1.611842] Key type trusted registered
[    1.617433] Key type encrypted registered
[    1.618711] AppArmor: AppArmor sha1 policy hashing enabled
[    1.620349] ima: No TPM chip found, activating TPM-bypass!
[    1.622030] ima: Allocated hash algorithm: sha1
[    1.623460] evm: HMAC attrs: 0x1
[    1.625000]   Magic number: 11:110:776
[    1.626373] rtc_cmos rtc_cmos: setting system clock to 2023-02-14 08:47:19 UTC (1676364439)
[    1.629127] BIOS EDD facility v0.16 2004-Jun-25, 0 devices found
[    1.630933] EDD information not available.
[    1.737265] Freeing unused kernel memory: 1492K
[    1.740526] Write protecting the kernel read-only data: 14336k
[    1.745189] Freeing unused kernel memory: 1584K
[    1.747886] Freeing unused kernel memory: 52K
Loading, please wait...
starting version 229
[    1.781887] random: systemd-udevd: uninitialized urandom read (16 bytes read, 5 bits of entropy available)
[    1.784041] random: udevadm: uninitialized urandom read (16 bytes read, 5 bits of entropy available)
[    1.784175] random: udevadm: uninitialized urandom read (16 bytes read, 5 bits of entropy available)
[    1.801557] random: systemd-udevd: uninitialized urandom read (16 bytes read, 5 bits of entropy available)
[    1.806577] random: systemd-udevd: uninitialized urandom read (16 bytes read, 5 bits of entropy available)
[    1.811532] random: systemd-udevd: uninitialized urandom read (16 bytes read, 5 bits of entropy available)
[    1.812354] random: udevadm: uninitialized urandom read (16 bytes read, 5 bits of entropy available)
[    1.812612] random: udevadm: uninitialized urandom read (16 bytes read, 5 bits of entropy available)
[    1.813140] random: udevadm: uninitialized urandom read (16 bytes read, 5 bits of entropy available)
[    1.813385] random: udevadm: uninitialized urandom read (16 bytes read, 5 bits of entropy available)
[    1.988245] e1000: Intel(R) PRO/1000 Network Driver - version 7.3.21-k8-NAPI
[    1.992618] e1000: Copyright (c) 1999-2006 Intel Corporation.
[    2.000014] Fusion MPT base driver 3.04.20
[    2.001375] Copyright (c) 1999-2008 LSI Corporation
[    2.022909] Fusion MPT SPI Host driver 3.04.20
[    2.076580] AVX2 version of gcm_enc/dec engaged.
[    2.080764] AES CTR mode by8 optimization enabled
[    2.215703] input: ImExPS/2 Generic Explorer Mouse as /devices/platform/i8042/serio1/input/input4
[    2.446260] e1000 0000:00:03.0 eth0: (PCI:33MHz:32-bit) 02:be:82:6b:cc:1d
[    2.448167] e1000 0000:00:03.0 eth0: Intel(R) PRO/1000 Network Connection
[    2.904754] e1000 0000:00:08.0 eth1: (PCI:33MHz:32-bit) 08:00:27:59:f7:d9
[    2.911016] e1000 0000:00:08.0 eth1: Intel(R) PRO/1000 Network Connection
[    2.923812] e1000 0000:00:03.0 enp0s3: renamed from eth0
[    2.929094] mptbase: ioc0: Initiating bringup
[    2.943634] e1000 0000:00:08.0 enp0s8: renamed from eth1
[    3.007244] ioc0: LSI53C1030 A0: Capabilities={Initiator}
[    3.281339] scsi host2: ioc0: LSI53C1030 A0, FwRev=00000000h, Ports=1, MaxQ=256, IRQ=20
[    3.395258] scsi 2:0:0:0: Direct-Access     VBOX     HARDDISK         1.0  PQ: 0 ANSI: 5
[    3.421380] scsi target2:0:0: Beginning Domain Validation
[    3.427158] scsi target2:0:0: Domain Validation skipping write tests
[    3.429894] scsi target2:0:0: Ending Domain Validation
[    3.432442] scsi target2:0:0: asynchronous
[    3.436277] scsi 2:0:1:0: Direct-Access     VBOX     HARDDISK         1.0  PQ: 0 ANSI: 5
[    3.440618] scsi target2:0:1: Beginning Domain Validation
[    3.446789] scsi target2:0:1: Domain Validation skipping write tests
[    3.449469] scsi target2:0:1: Ending Domain Validation
[    3.451926] scsi target2:0:1: asynchronous
[    3.470573] sd 2:0:0:0: [sda] 83886080 512-byte logical blocks: (42.9 GB/40.0 GiB)
[    3.475892] sd 2:0:0:0: Attached scsi generic sg0 type 0
[    3.479239] sd 2:0:1:0: [sdb] 20480 512-byte logical blocks: (10.5 MB/10.0 MiB)
[    3.481030] sd 2:0:0:0: [sda] Write Protect is off
[    3.484021] sd 2:0:1:0: Attached scsi generic sg1 type 0
[    3.485901] sd 2:0:0:0: [sda] Incomplete mode parameter data
[    3.485905] sd 2:0:0:0: [sda] Assuming drive cache: write through
[    3.494404] sd 2:0:1:0: [sdb] Write Protect is off
[    3.496897] sd 2:0:1:0: [sdb] Incomplete mode parameter data
[    3.499395] sd 2:0:1:0: [sdb] Assuming drive cache: write through
[    3.514688]  sda: sda1
[    3.518393] sd 2:0:0:0: [sda] Attached SCSI disk
[    3.538507] sd 2:0:1:0: [sdb] Attached SCSI disk
Begin: Loading essential drivers ... [    5.381054] md: linear personality registered for level -1
[    5.389351] md: multipath personality registered for level -4
[    5.396789] md: raid0 personality registered for level 0
[    5.402611] md: raid1 personality registered for level 1
[    5.474544] raid6: sse2x1   gen()  4941 MB/s
[    5.542372] raid6: sse2x1   xor()  4275 MB/s
[    5.610285] raid6: sse2x2   gen()  9562 MB/s
[    5.679240] raid6: sse2x2   xor()  6124 MB/s
[    5.746519] raid6: sse2x4   gen() 10319 MB/s
[    5.814877] raid6: sse2x4   xor()  4029 MB/s
[    5.882832] raid6: avx2x1   gen()  9409 MB/s
[    5.950667] raid6: avx2x2   gen() 14221 MB/s
[    6.018520] raid6: avx2x4   gen() 13611 MB/s
[    6.019812] raid6: using algorithm avx2x2 gen() 14221 MB/s
[    6.021291] raid6: using avx2x2 recovery algorithm
[    6.024441] xor: automatically using best checksumming function:
[    6.066588]    avx       :  7880.000 MB/sec
[    6.070518] async_tx: api initialized (async)
[    6.092632] md: raid6 personality registered for level 6
[    6.095210] md: raid5 personality registered for level 5
[    6.098224] md: raid4 personality registered for level 4
[    6.116158] md: raid10 personality registered for level 10
done.
Begin: Running /scripts/init-premount ... done.
Begin: Mounting root file system ... Begin: Running /scripts/local-top ... done.
Begin: Running /scripts/local-premount ... [    6.167628] Btrfs loaded
Scanning for Btrfs filesystems
done.
Warning: fsck not present, so skipping root file system
[    6.262630] EXT4-fs (sda1): mounted filesystem with ordered data mode. Opts: (null)
done.
Begin: Running /scripts/local-bottom ... done.
Begin: Running /scripts/init-bottom ... done.
[    6.890643] systemd[1]: systemd 229 running in system mode. (+PAM +AUDIT +SELINUX +IMA +APPARMOR +SMACK +SYSVINIT +UTMP +LIBCRYPTSETUP +GCRYPT +GNUTLS +ACL +XZ -LZ4 +SECCOMP +BLKID +ELFUTILS +KMOD -IDN)
[    6.899403] systemd[1]: Detected virtualization oracle.
[    6.901824] systemd[1]: Detected architecture x86-64.

Welcome to [1mUbuntu 16.04.7 LTS[0m!

[    6.970208] systemd[1]: Set hostname to <ubuntu>.
[    7.003120] systemd[1]: Initializing machine ID from random generator.
[    7.006118] systemd[1]: Installed transient /etc/machine-id file.
[    7.481425] random: nonblocking pool is initialized
[    8.270452] systemd[1]: Listening on Journal Socket.
[[0;32m  OK  [0m] Listening on Journal Socket.
[    8.274613] systemd[1]: Listening on Device-mapper event daemon FIFOs.
[[0;32m  OK  [0m] Listening on Device-mapper event daemon FIFOs.
[    8.280414] systemd[1]: Listening on LVM2 metadata daemon socket.
[[0;32m  OK  [0m] Listening on LVM2 metadata daemon socket.
[    8.285677] systemd[1]: Listening on LVM2 poll daemon socket.
[[0;32m  OK  [0m] Listening on LVM2 poll daemon socket.
[    8.290332] systemd[1]: Listening on fsck to fsckd communication Socket.
[[0;32m  OK  [0m] Listening on fsck to fsckd communication Socket.
[    8.296346] systemd[1]: Created slice User and Session Slice.
[[0;32m  OK  [0m] Created slice User and Session Slice.
[    8.301137] systemd[1]: Started Trigger resolvconf update for networkd DNS.
[[0;32m  OK  [0m] Started Trigger resolvconf update for networkd DNS.
[    8.306284] systemd[1]: Listening on Journal Audit Socket.
[[0;32m  OK  [0m] Listening on Journal Audit Socket.
[    8.311198] systemd[1]: Started Forward Password Requests to Wall Directory Watch.
[[0;32m  OK  [0m] Started Forward Password Requests to Wall Directory Watch.
[    8.317571] systemd[1]: Listening on Syslog Socket.
[[0;32m  OK  [0m] Listening on Syslog Socket.
[    8.321839] systemd[1]: Listening on udev Kernel Socket.
[[0;32m  OK  [0m] Listening on udev Kernel Socket.
[    8.326409] systemd[1]: Reached target User and Group Name Lookups.
[[0;32m  OK  [0m] Reached target User and Group Name Lookups.
[    8.331446] systemd[1]: Listening on Journal Socket (/dev/log).
[[0;32m  OK  [0m] Listening on Journal Socket (/dev/log).
[    8.336738] systemd[1]: Created slice System Slice.
[[0;32m  OK  [0m] Created slice System Slice.
[    8.350689] systemd[1]: Mounting Debug File System...
         Mounting Debug File System...
[    8.356345] systemd[1]: Starting Nameserver information manager...
         Starting Nameserver information manager...
[    8.364935] systemd[1]: Starting Uncomplicated firewall...
         Starting Uncomplicated firewall...
[    8.372757] systemd[1]: Reached target Slices.
[[0;32m  OK  [0m] Reached target Slices.
[    8.379359] systemd[1]: Created slice system-serial\x2dgetty.slice.
[[0;32m  OK  [0m] Created slice system-serial\x2dgetty.slice.
[    8.386042] systemd[1]: Starting File System Check on Root Device...
         Starting File System Check on Root Device...
[    8.400167] systemd[1]: Mounting Huge Pages File System...
         Mounting Huge Pages File System...
[    8.404889] systemd[1]: Listening on udev Control Socket.
[[0;32m  OK  [0m] Listening on udev Control Socket.
[    8.409871] systemd[1]: Starting Create list of required static device nodes for the current kernel...
         Starting Create list of required st... nodes for the current kernel...
[    8.426085] systemd[1]: Starting Set console keymap...
         Starting Set console keymap...
[    8.433058] systemd[1]: Starting Monitoring of LVM2 mirrors, snapshots etc. using dmeventd or progress polling...
         Starting Monitoring of LVM2 mirrors... dmeventd or progress polling...
[    8.447243] systemd[1]: Reached target Encrypted Volumes.
[[0;32m  OK  [0m] Reached target Encrypted Volumes.
[    8.482753] systemd[1]: Starting Load Kernel Modules...
         Starting Load Kernel Modules...
[    8.487223] systemd[1]: Listening on /dev/initctl Compatibility Named Pipe.
[[0;32m  OK  [0m] Listening on /dev/initctl Compatibility Named Pipe.
[    8.494751] systemd[1]: Mounting POSIX Message Queue File System...
         Mounting POSIX Message Queue File System...
[    8.501786] systemd[1]: Reached target System Time Synchronized.
[[0;32m  OK  [0m] Reached target System Time Synchronized.
[    8.508716] systemd[1]: Starting Journal Service...
         Starting Journal Service...
[    8.514045] systemd[1]: Set up automount Arbitrary Executable File Formats File System Automount Point.
[[0;32m  OK  [0m] Set up automount Arbitrary Executab...ats File System Automount Point.
[    8.536988] systemd[1]: Reached target Swap.
[[0;32m  OK  [0m] Reached target Swap.
[    8.565117] systemd[1]: Mounted Huge Pages File System.
[[0;32m  OK  [0m] Mounted Huge Pages File System.
[    8.573875] systemd[1]: Mounted POSIX Message Queue File System.
[[0;32m  OK  [0m] Mounted POSIX Message Queue File System.
[    8.578335] systemd[1]: Mounted Debug File System.
[[0;32m  OK  [0m] Mounted Debug File System.
[    8.586046] systemd[1]: Started Uncomplicated firewall.
[[0;32m  OK  [0m] Started Uncomplicated firewall.
[    8.597191] systemd[1]: Started Create list of required static device nodes for the current kernel.
[[0;32m  OK  [0m] Started Create list of required sta...ce nodes for the current kernel.
[    8.606089] systemd[1]: Started File System Check Daemon to report status.
[    8.612354] Loading iSCSI transport class v2.0-870.
[[0;32m  OK  [0m] Started File System Check Daemon to report status.
[    8.617636] systemd[1]: Starting Create Static Device Nodes in /dev...
         Starting Create Static Device Nodes in /dev...
[    8.623842] systemd[1]: Started File System Check on Root Device.
[[0;32m  OK  [0m] Started File System Check on Root Device.
[    8.628191] systemd[1]: Started Set console keymap.
[[0;32m  OK  [0m] Started Set console keymap.
[    8.634209] systemd[1]: Starting Remount Root and Kernel File Systems...
         Starting Remount Root and Kernel File Systems...
[    8.640727] systemd[1]: Started Nameserver information manager.
[[0;32m  OK  [0m] Started Nameserver information manager.
[    8.675392] EXT4-fs (sda1): re-mounted. Opts: (null)
[    8.678836] systemd[1]: Started LVM2 metadata daemon.
[[0;32m  OK  [0m] Started LVM2 metadata daemon.
[    8.687392] systemd[1]: Started Remount Root and Kernel File Systems.
[[0;32m  OK  [0m] Started Remount Root and Kernel File Systems.
[    8.705633] systemd[1]: Starting udev Coldplug all Devices...
         Starting udev Coldplug all Devices...
[    8.709963] systemd[1]: Starting Load/Save Random Seed...
         Starting Load/Save Random Seed...
[    8.718596] iscsi: registered transport (tcp)
[    8.719312] systemd[1]: Started Journal Service.
[[0;32m  OK  [0m] Started Journal Service.
         Starting Flush Journal to Persistent Storage...
[[0;32m  OK  [0m] Started Load/Save Random Seed.
[    8.798786] systemd-journald[401]: Received request to flush runtime journal from PID 1
[[0;32m  OK  [0m] Started udev Coldplug all Devices.
[[0;32m  OK  [0m] Started Flush Journal to Persistent Storage.
[    8.895308] iscsi: registered transport (iser)
[[0;32m  OK  [0m] Started Load Kernel Modules.
         Starting Apply Kernel Variables...
         Mounting FUSE Control File System...
[[0;32m  OK  [0m] Started Monitoring of LVM2 mirrors,...ng dmeventd or progress polling.
[[0;32m  OK  [0m] Started Create Static Device Nodes in /dev.
[[0;32m  OK  [0m] Mounted FUSE Control File System.
         Starting udev Kernel Device Manager...
[[0;32m  OK  [0m] Reached target Local File Systems (Pre).
[[0;32m  OK  [0m] Reached target Local File Systems.
         Starting Set console font and keymap...
         Starting Tell Plymouth To Write Out Runtime Data...
         Starting Create Volatile Files and Directories...
         Starting Commit a transient machine-id on disk...
         Starting LSB: AppArmor initialization...
         Starting Initial cloud-init job (pre-networking)...
[[0;32m  OK  [0m] Started Apply Kernel Variables.
[[0;32m  OK  [0m] Started Create Volatile Files and Directories.
         Starting Update UTMP about System Boot/Shutdown...
[[0;32m  OK  [0m] Started Commit a transient machine-id on disk.
[[0;32m  OK  [0m] Started Tell Plymouth To Write Out Runtime Data.
[[0;32m  OK  [0m] Started Update UTMP about System Boot/Shutdown.
[[0;32m  OK  [0m] Started udev Kernel Device Manager.
[[0;32m  OK  [0m] Started Dispatch Password Requests to Console Directory Watch.
[[0;32m  OK  [0m] Started Set console font and keymap.
[[0;32m  OK  [0m] Created slice system-getty.slice.
[[0;32m  OK  [0m] Found device /dev/ttyS0.
[[0;32m  OK  [0m] Listening on Load/Save RF Kill Switch Status /dev/rfkill Watch.
[[0;32m  OK  [0m] Started LSB: AppArmor initialization.
         Starting Load AppArmor profiles managed internally by snapd...
[[0;32m  OK  [0m] Started Load AppArmor profiles managed internally by snapd.
[   12.654685] cloud-init[489]: Cloud-init v. 21.1-19-gbad84ad4-0ubuntu1~16.04.2 running 'init-local' at Tue, 14 Feb 2023 08:47:30 +0000. Up 11.89 seconds.
[[0;32m  OK  [0m] Started Initial cloud-init job (pre-networking).
[[0;32m  OK  [0m] Reached target Network (Pre).
         Starting Raise network interfaces...
[[0;32m  OK  [0m] Started Raise network interfaces.
[[0;32m  OK  [0m] Reached target Network.
         Starting Initial cloud-init job (metadata service crawler)...
[   16.476144] cloud-init[972]: Cloud-init v. 21.1-19-gbad84ad4-0ubuntu1~16.04.2 running 'init' at Tue, 14 Feb 2023 08:47:32 +0000. Up 14.06 seconds.
[   16.480735] cloud-init[972]: ci-info: ++++++++++++++++++++++++++++++++++++++Net device info+++++++++++++++++++++++++++++++++++++++
[   16.483908] cloud-init[972]: ci-info: +--------+-------+----------------------------+---------------+--------+-------------------+
[   16.488876] cloud-init[972]: ci-info: | Device |   Up  |          Address           |      Mask     | Scope  |     Hw-Address    |
[   16.493228] cloud-init[972]: ci-info: +--------+-------+----------------------------+---------------+--------+-------------------+
[   16.497881] cloud-init[972]: ci-info: | enp0s3 |  True |         10.0.2.15          | 255.255.255.0 | global | 02:be:82:6b:cc:1d |
[   16.502405] cloud-init[972]: ci-info: | enp0s3 |  True | fe80::be:82ff:fe6b:cc1d/64 |       .       |  link  | 02:be:82:6b:cc:1d |
[   16.507905] cloud-init[972]: ci-info: | enp0s8 | False |             .              |       .       |   .    | 08:00:27:59:f7:d9 |
[   16.521730] cloud-init[972]: ci-info: |   lo   |  True |         127.0.0.1          |   255.0.0.0   |  host  |         .         |
[   16.527148] cloud-init[972]: ci-info: |   lo   |  True |          ::1/128           |       .       |  host  |         .         |
[   16.531863] cloud-init[972]: ci-info: +--------+-------+----------------------------+---------------+--------+-------------------+
[   16.536109] cloud-init[972]: ci-info: +++++++++++++++++++++++++++Route IPv4 info++++++++++++++++++++++++++++
[   16.540006] cloud-init[972]: ci-info: +-------+-------------+----------+---------------+-----------+-------+
[   16.544178] cloud-init[972]: ci-info: | Route | Destination | Gateway  |    Genmask    | Interface | Flags |
[   16.548116] cloud-init[972]: ci-info: +-------+-------------+----------+---------------+-----------+-------+
[   16.551958] cloud-init[972]: ci-info: |   0   |   0.0.0.0   | 10.0.2.2 |    0.0.0.0    |   enp0s3  |   UG  |
[   16.556059] cloud-init[972]: ci-info: |   1   |   10.0.2.0  | 0.0.0.0  | 255.255.255.0 |   enp0s3  |   U   |
[   16.559909] cloud-init[972]: ci-info: +-------+-------------+----------+---------------+-----------+-------+
[   16.562764] cloud-init[972]: ci-info: +++++++++++++++++++Route IPv6 info+++++++++++++++++++
[   16.564581] cloud-init[972]: ci-info: +-------+-------------+---------+-----------+-------+
[   16.566369] cloud-init[972]: ci-info: | Route | Destination | Gateway | Interface | Flags |
[   16.568334] cloud-init[972]: ci-info: +-------+-------------+---------+-----------+-------+
[   16.570278] cloud-init[972]: ci-info: |   0   |  fe80::/64  |    ::   |   enp0s3  |   U   |
[   16.573310] cloud-init[972]: ci-info: |   3   |   ff00::/8  |    ::   |   enp0s3  |   U   |
[   16.576187] cloud-init[972]: ci-info: +-------+-------------+---------+-----------+-------+
[   16.578214] cloud-init[972]: Generating public/private rsa key pair.
[   16.579796] cloud-init[972]: Your identification has been saved in /etc/ssh/ssh_host_rsa_key.
[   16.581787] cloud-init[972]: Your public key has been saved in /etc/ssh/ssh_host_rsa_key.pub.
[   16.583766] cloud-init[972]: The key fingerprint is:
[   16.585242] cloud-init[972]: SHA256:pid0ZPPYx6fQwfJPEC1Qi+ukTcEOn21dRbvi/tQP6hs root@ubuntu-xenial
[   16.587393] cloud-init[972]: The key's randomart image is:
[   16.588943] cloud-init[972]: +---[RSA 2048]----+
[   16.590371] cloud-init[972]: |          .oo. .o|
[   16.592127] cloud-init[972]: |         . o.o. o|
[   16.593497] cloud-init[972]: |        = = =. ..|
[   16.594830] cloud-init[972]: |       o O X + ..|
[   16.596222] [[0;32m  OK  [0m] Started Initial cloud-init job (metadata service crawler).
[[0;32m  OK  [0m] Reached target System Initialization.
cloud-init[972]: |      . S @ B.+. |
[[0;32m  OK  [0m] Started ACPI Events Check.
[[0;32m  OK  [0m] Reached target Paths.
[[0;32m  OK  [0m] Started Daily apt download activities.
[   16.601778] cloud-init[972]: |     . + * +.=. .|
[   16.607348] cloud-init[972]: |      o o o E.o..|
[   16.609772] cloud-init[972]: |       o    .o...|
[   16.611907] cloud-init[972]: |           .+o...|
[   16.613702] cloud-init[972]: +----[SHA256]-----+
[   16.614839] cloud-init[972]: Generating public/private dsa key pair.
[   16.616194] cloud-init[972]: Your identification has been saved in /etc/ssh/ssh_host_dsa_key.
[   16.618038] cloud-init[972]: Your public key has been saved in /etc/ssh/ssh_host_dsa_key.pub.
[   16.619720] cloud-init[972]: The key fingerprint is:
[   16.621166] cloud-init[972]: SHA256:X25caS12AFKf7M+PuBERlJbWhhbTFh6LrgFKCxF3QwY root@ubuntu-xenial
[   16.622896] cloud-init[972]: The key's randomart image is:
[   16.624254] cloud-init[972]: +---[DSA 1024]----+
[   16.625636] cloud-init[972]: |    o.Eo= .oBBo. |
[   16.626778] cloud-init[972]: |     o o . .BO=+ |
[   16.628658] cloud-init[972]: |    . . .  +ooB  |
[   16.636685] cloud-init[972]: |     o o . . o + |
[   16.637806] cloud-init[972]: |      o S . + B o|
[   16.638769] cloud-init[972]: |         . * = = |
[   16.648907] cloud-init[972]: |          o =   o|
[   16.650675] cloud-init[972]: |           . o ..|
[   16.660691] cloud-init[972]: |            o.. .|
[   16.662689] cloud-init[972]: +----[SHA256]-----+
[   16.664679] cloud-init[972]: Generating public/private ecdsa key pair.
[   16.666689] cloud-init[972]: Your identification has been saved in /etc/ssh/ssh_host_ecdsa_key.
[   16.676882] cloud-init[972]: Your public key has been saved in /etc/ssh/ssh_host_ecdsa_key.pub.
[   16.679553] cloud-init[972]: The key fingerprint is:
[   16.681432] cloud-init[972]: SHA256:mbRNy1+ekv0TYlAKA2nclQpCJRehJco8oDI4NihFdwY root@ubuntu-xenial
[   16.688755] cloud-init[972]: The key's randomart image is:
[   16.697301] cloud-init[972]: +---[ECDSA 256]---+
[   16.699053] cloud-init[972]: | oo E==B* ...    |
[   16.701030] cloud-init[972]: |+.+..+*= + . .   |
[   16.703265] cloud-init[972]: |Oo = .o o = o    |
[   16.705408] cloud-init[972]: |+o. .  . O +     |
[   16.707485] cloud-init[972]: |        S + . .  |
[   16.709780] cloud-init[972]: |           . B o |
[   16.711960] cloud-init[972]: |            = = .|
[   16.714062] cloud-init[972]: |             . o |
[   16.716216] cloud-init[972]: |                o|
         Starting LXD - unix socket.
[[0;32m  OK  [0m] Started Daily apt upgrade and clean activities.
         Starting Socket activation for snappy daemon.
[[0;32m  OK  [0m[   16.718637] ] Started Ubuntu Advantage update messaging.cloud-init
[972]: +----[SHA256]-----+
[   16.724605] cloud-init[972]: Generating public/private ed25519 key pair.
[   16.725221] cloud-init[972]: Your identification has been saved in /etc/ssh/ssh_host_ed25519_key.
[   16.727166] cloud-init[972]: Your public key has been saved in /etc/ssh/ssh_host_ed25519_key.pub.
[   16.729799] cloud-init[972]: The key fingerprint is:
[   16.732116] cloud-init[972]: SHA256:ZWWns1r2WY8zw2DQ4GJETBDYfd3H1RPuWK/CaUH7ybY root@ubuntu-xenial
[   16.732651] cloud-init[972]: The key's randomart image is:
[   16.733670] cloud-init[972]: +--[ED25519 256]--+
[   16.734240] cloud-init[972]: |     ooB+ ..o..o=|
[   16.734357] cloud-init[972]: |    . ..o..=.oo.+|
[[0;32m  OK  [0m] Listening on D-Bus System Message Bus Socket.
[[   16.735627] [0;32m  OK  [0mcloud-init] [972]: Started Message of the Day.|        o.= =  +.|

[   16.744451] [[0;32m  OK  [0m] Started Daily Cleanup of Temporary Directories.
[[0;32m  OK  [0m] Reached target Timers.
[[0;32m  OK  [0m] Listening on ACPID Listen Socket.
[[0;32m  OK  [0m] Listening on UUID daemon activation socket.
[[0;32m  OK  [0m] Reached target Network is Online.
cloud-init[972]: |       . + o ++ .|
[   16.753039] cloud-init[972]: |        S   O. .o|
[   16.754572] cloud-init[972]: |           * O *.|
[   16.755375] cloud-init[972]: |          . = # .|
[   16.756309] cloud-init[972]: |           . o = |
[   16.757253] cloud-init[972]: |              E  |
[   16.758141] cloud-init[972]: +----[SHA256]-----+
         Starting iSCSI initiator daemon (iscsid)...
[[0;32m  OK  [0m] Reached target Cloud-config availability.
[[0;32m  OK  [0m] Listening on LXD - unix socket.
[[0;32m  OK  [0m] Listening on Socket activation for snappy daemon.
[[0;32m  OK  [0m] Reached target Sockets.
[[0;32m  OK  [0m] Reached target Basic System.
         Starting LSB: Record successful boot for GRUB...
[[0;32m  OK  [0m] Started Regular background program processing daemon.
         Starting Pollinate to seed the pseudo random number generator...
         Starting Virtualbox guest utils...
[[0;32m  OK  [0m] Started Deferred execution scheduler.
         Starting Login Service...
         Starting /etc/rc.local Compatibility...
         Starting LSB: MD monitoring daemon...
[[0;32m  OK  [0m] Started ACPI event daemon.
         Starting Snap Daemon...
[[0;32m  OK  [0m] Started D-Bus System Message Bus.
         Starting System Logging Service...
         Starting Accounts Service...
[[0;32m  OK  [0m] Started FUSE filesystem for LXC.
         Starting LXD - container startup/shutdown...
[[0;32m  OK  [0m] Started /etc/rc.local Compatibility.
[[0;32m  OK  [0m] Started Login Service.
[[0;32m  OK  [0m] Started Unattended Upgrades Shutdown.
[[0;32m  OK  [0m] Started iSCSI initiator daemon (iscsid).
         Starting Login to default iSCSI targets...
[[0;32m  OK  [0m] Started LSB: MD monitoring daemon.
[[0;32m  OK  [0m] Started System Logging Service.
[[0;32m  OK  [0m] Started Login to default iSCSI targets.
[[0;32m  OK  [0m] Started LSB: Record successful boot for GRUB.
[[0;32m  OK  [0m] Reached target Remote File Systems (Pre).
[[0;32m  OK  [0m] Reached target Remote File Systems.
         Starting LSB: Set the CPU Frequency Scaling governor to "ondemand"...
         Starting LSB: automatic crash report generation...
         Starting Permit User Sessions...
         Starting LSB: daemon to balance interrupts for SMP systems...
[[0;32m  OK  [0m] Started LSB: Set the CPU Frequency Scaling governor to "ondemand".
[[0;32m  OK  [0m] Started Permit User Sessions.
         Starting Terminate Plymouth Boot Screen...
         Starting Hold until boot process finishes up...
[[0;32m  OK  [0m] Started Hold until boot process finishes up.
[[0;32m  OK  [0m] Started Terminate Plymouth Boot Screen.
[[0;32m  OK  [0m] Started Serial Getty on ttyS0.
         Starting Set console scheme...
[[0;32m  OK  [0m] Started Getty on tty1.
[[0;32m  OK  [0m] Reached target Login Prompts.
[[0;32m  OK  [0m] Started Set console scheme.
[[0;32m  OK  [0m] Started LSB: automatic crash report generation.
[[0;32m  OK  [0m] Started LSB: daemon to balance interrupts for SMP systems.
[[0;32m  OK  [0m] Started Virtualbox guest utils.
         Starting Authenticate and Authorize Users to Run Privileged Tasks...
[[0;32m  OK  [0m] Started Authenticate and Authorize Users to Run Privileged Tasks.
[[0;32m  OK  [0m] Started Accounts Service.
[[0;32m  OK  [0m] Started LXD - container startup/shutdown.
[[0;32m  OK  [0m] Started Snap Daemon.
         Starting Wait until snapd is fully seeded...
[[0;32m  OK  [0m] Started Pollinate to seed the pseudo random number generator.
         Starting OpenBSD Secure Shell server...
[[0;32m  OK  [0m] Started OpenBSD Secure Shell server.
[[0;32m  OK  [0m] Created slice User Slice of vagrant.

Ubuntu 16.04.7 LTS ubuntu-xenial ttyS0

ubuntu-xenial login: [   28.203672] cloud-init[1389]: Generating locales (this might take a while)...
[   30.086839] cloud-init[1389]:   en_US.UTF-8... done
[   30.090401] cloud-init[1389]: Generation complete.
[   34.573449] cloud-init[1389]: Cloud-init v. 21.1-19-gbad84ad4-0ubuntu1~16.04.2 running 'modules:config' at Tue, 14 Feb 2023 08:47:45 +0000. Up 27.59 seconds.
ci-info: no authorized SSH keys fingerprints found for user ubuntu.
<14>Feb 14 08:47:54 ec2: 
<14>Feb 14 08:47:54 ec2: #############################################################
<14>Feb 14 08:47:54 ec2: -----BEGIN SSH HOST KEY FINGERPRINTS-----
<14>Feb 14 08:47:54 ec2: 1024 SHA256:X25caS12AFKf7M+PuBERlJbWhhbTFh6LrgFKCxF3QwY root@ubuntu-xenial (DSA)
<14>Feb 14 08:47:54 ec2: 256 SHA256:mbRNy1+ekv0TYlAKA2nclQpCJRehJco8oDI4NihFdwY root@ubuntu-xenial (ECDSA)
<14>Feb 14 08:47:54 ec2: 256 SHA256:ZWWns1r2WY8zw2DQ4GJETBDYfd3H1RPuWK/CaUH7ybY root@ubuntu-xenial (ED25519)
<14>Feb 14 08:47:54 ec2: 2048 SHA256:pid0ZPPYx6fQwfJPEC1Qi+ukTcEOn21dRbvi/tQP6hs root@ubuntu-xenial (RSA)
<14>Feb 14 08:47:54 ec2: -----END SSH HOST KEY FINGERPRINTS-----
<14>Feb 14 08:47:54 ec2: #############################################################
-----BEGIN SSH HOST KEY KEYS-----
ecdsa-sha2-nistp256 AAAAE2VjZHNhLXNoYTItbmlzdHAyNTYAAAAIbmlzdHAyNTYAAABBBC8CCuYUMzeJO/iNhkrGwI67FqLFYuJLsYA52hmYV/ZXlNYZcmnZllis0K5yMeWaHUf+E09idM+gMXos/3zOYAE= root@ubuntu-xenial
ssh-ed25519 AAAAC3NzaC1lZDI1NTE5AAAAILQ4eQDIEtUceV7IwYt+tGfwRpMyQBZm8KR77w/o10Zm root@ubuntu-xenial
ssh-rsa AAAAB3NzaC1yc2EAAAADAQABAAABAQCsW5nrrFPZeD+0SY2xJ0PU/avwkXO/2ULVwEPrH8X/tqcqErB8TG1hLj7Nh4K109jXxCYzr9VEQDuT+rc5/M5A1hMOYg4rDxctnRCjQe7mADvsLficlVGnGl+Lak+HkJqCrCat/SHu/oJIuMrJmKghluBAFgV1BTvpQzpk9wsCjSIt73gh6Q3crJ97rxV9AxAhql024fp0TeYoNkWfPTbEBcyqdOtmuiQB4VEv4mxSG8R9YPl2d1NjXGABn5pZwSGakxeSTpJTL4IWYBt9n8D0JPbef7deIKwwEy+6hL0QbA3kfzoluQg3aZ0YD/9xeNrh2vgqIa8oMijDsBApnybb root@ubuntu-xenial
-----END SSH HOST KEY KEYS-----
[   35.924917] cloud-init[1594]: Cloud-init v. 21.1-19-gbad84ad4-0ubuntu1~16.04.2 running 'modules:final' at Tue, 14 Feb 2023 08:47:53 +0000. Up 35.46 seconds.
[   35.931773] cloud-init[1594]: ci-info: no authorized SSH keys fingerprints found for user ubuntu.
[   35.934991] cloud-init[1594]: Cloud-init v. 21.1-19-gbad84ad4-0ubuntu1~16.04.2 finished at Tue, 14 Feb 2023 08:47:54 +0000. Datasource DataSourceNoCloud [seed=/dev/sdb][dsmode=net].  Up 35.89 seconds
         Stopping Authenticate and Authorize Users to Run Privileged Tasks...
[[0;32m  OK  [0m] Stopped target Graphical Interface.
         Stopping Accounts Service...
[[0;32m  OK  [0m] Stopped target Cloud-init target.
[[0;32m  OK  [0m] Stopped Execute cloud user/final scripts.
         Stopping Session 4 of user vagrant.
[[0;32m  OK  [0m] Stopped Apply the settings specified in cloud-config.
         Stopping User Manager for UID 1000...
[[0;32m  OK  [0m] Stopped target Cloud-config availability.
[[0;32m  OK  [0m] Closed Load/Save RF Kill Switch Status /dev/rfkill Watch.
[[0;32m  OK  [0m] Stopped target Timers.
[[0;32m  OK  [0m] Stopped Ubuntu Advantage update messaging.
[[0;32m  OK  [0m] Stopped Message of the Day.
[[0;32m  OK  [0m] Stopped Daily apt upgrade and clean activities.
[[0;32m  OK  [0m] Stopped Daily apt download activities.
[[0;32m  OK  [0m] Stopped target System Time Synchronized.
[[0;32m  OK  [0m] Stopped target Multi-User System.
         Stopping D-Bus System Message Bus...
         Stopping LSB: daemon to balance interrupts for SMP systems...
[[0;32m  OK  [0m] Stopped Wait until snapd is fully seeded.
         Stopping LSB: Set the CPU Frequency Scaling governor to "ondemand"...
         Stopping A high performance web server and a reverse proxy server...
         Stopping OpenBSD Secure Shell server...
         Stopping LSB: Record successful boot for GRUB...
         Stopping System Logging Service...
         Stopping LSB: automatic crash report generation...
         Stopping LSB: MD monitoring daemon...
[[0;32m  OK  [0m] Stopped target Login Prompts.
         Stopping Serial Getty on ttyS0...
         Stopping FUSE filesystem for LXC...
         Stopping ACPI event daemon...
         Stopping LXD - container startup/shutdown...
         Stopping Regular background program processing daemon...
         Stopping Getty on tty1...
[[0;32m  OK  [0m] Stopped Daily Cleanup of Temporary Directories.
         Stopping Virtualbox guest utils...
         Stopping Deferred execution scheduler...
[[0;32m  OK  [0m] Unmounted /var/lib/lxcfs.
[[0;32m  OK  [0m] Stopped Regular background program processing daemon.
[[0;32m  OK  [0m] Stopped Deferred execution scheduler.
[[0;32m  OK  [0m] Stopped System Logging Service.
[[0;32m  OK  [0m] Stopped Accounts Service.
[[0;32m  OK  [0m] Stopped ACPI event daemon.
[[0;32m  OK  [0m] Stopped Serial Getty on ttyS0.
[[0;32m  OK  [0m] Stopped Getty on tty1.
[[0;32m  OK  [0m] Stopped Authenticate and Authorize Users to Run Privileged Tasks.
[[0;32m  OK  [0m] Stopped OpenBSD Secure Shell server.
[[0;32m  OK  [0m] Stopped User Manager for UID 1000.
[[0;32m  OK  [0m] Stopped D-Bus System Message Bus.
[[0;32m  OK  [0m] Stopped Session 4 of user vagrant.
[[0;32m  OK  [0m] Stopped A high performance web server and a reverse proxy server.
[[0;32m  OK  [0m] Stopped FUSE filesystem for LXC.
[[0;32m  OK  [0m] Stopped LSB: daemon to balance interrupts for SMP systems.
[[0;32m  OK  [0m] Stopped LSB: MD monitoring daemon.
[[0;32m  OK  [0m] Stopped LXD - container startup/shutdown.
[[0;32m  OK  [0m] Stopped LSB: Set the CPU Frequency Scaling governor to "ondemand".
[[0;32m  OK  [0m] Stopped LSB: Record successful boot for GRUB.
[[0;32m  OK  [0m] Removed slice User Slice of vagrant.
         Stopping Login Service...
[[0;32m  OK  [0m] Removed slice system-getty.slice.
[[0;32m  OK  [0m] Stopped /etc/rc.local Compatibility.
[[0;32m  OK  [0m] Removed slice system-serial\x2dgetty.slice.
         Stopping Permit User Sessions...
[[0;32m  OK  [0m] Stopped Virtualbox guest utils.
[[0;32m  OK  [0m] Stopped Permit User Sessions.
[[0;32m  OK  [0m] Stopped Login Service.
[[0;32m  OK  [0m] Stopped target User and Group Name Lookups.
[[0;32m  OK  [0m] Stopped LSB: automatic crash report generation.
[[0;32m  OK  [0m] Stopped target Remote File Systems.
         Unmounting /vagrant...
[[0;32m  OK  [0m] Stopped target Basic System.
[[0;32m  OK  [0m] Stopped target Slices.
[[0;32m  OK  [0m] Removed slice User and Session Slice.
[[0;32m  OK  [0m] Stopped target Sockets.
[[0;32m  OK  [0m] Closed Syslog Socket.
[[0;32m  OK  [0m] Closed UUID daemon activation socket.
[[0;32m  OK  [0m] Closed D-Bus System Message Bus Socket.
[[0;32m  OK  [0m] Closed Socket activation for snappy daemon.
[[0;32m  OK  [0m] Closed ACPID Listen Socket.
[[0;32m  OK  [0m] Closed LXD - unix socket.
[[0;32m  OK  [0m] Stopped target Paths.
[[0;32m  OK  [0m] Stopped Dispatch Password Requests to Console Directory Watch.
[[0;32m  OK  [0m] Stopped Forward Password Requests to Wall Directory Watch.
[[0;32m  OK  [0m] Stopped ACPI Events Check.
[[0;32m  OK  [0m] Stopped target System Initialization.
[[0;32m  OK  [0m] Stopped Commit a transient machine-id on disk.
         Stopping Load/Save Random Seed...
[[0;32m  OK  [0m] Stopped target Encrypted Volumes.
[[0;32m  OK  [0m] Stopped Create Volatile Files and Directories.
[[0;32m  OK  [0m] Stopped target Swap.
[[0;32m  OK  [0m] Unmounted /vagrant.
[[0;32m  OK  [0m] Stopped Load/Save Random Seed.
[[0;32m  OK  [0m] Stopped target Remote File Systems (Pre).
         Stopping Login to default iSCSI targets...
[[0;32m  OK  [0m] Stopped Login to default iSCSI targets.
         Stopping iSCSI initiator daemon (iscsid)...
[[0;32m  OK  [0m] Stopped iSCSI initiator daemon (iscsid).
[[0;32m  OK  [0m] Stopped target Network is Online.
[[0;32m  OK  [0m] Stopped Initial cloud-init job (metadata service crawler).
[[0;32m  OK  [0m] Stopped target Network.
         Stopping Raise network interfaces...
[[0;32m  OK  [0m] Stopped Raise network interfaces.
[[0;32m  OK  [0m] Stopped target Local File Systems.
         Unmounting /run/user/1000...
[[0;32m  OK  [0m] Stopped Apply Kernel Variables.
[[0;32m  OK  [0m] Stopped Load Kernel Modules.
[[0;32m  OK  [0m] Stopped target Network (Pre).
[[0;32m  OK  [0m] Stopped Initial cloud-init job (pre-networking).
[[0;32m  OK  [0m] Unmounted /run/user/1000.
[[0;32m  OK  [0m] Reached target Unmount All Filesystems.
[[0;32m  OK  [0m] Stopped target Local File Systems (Pre).
[[0;32m  OK  [0m] Stopped Create Static Device Nodes in /dev.
[[0;32m  OK  [0m] Stopped Remount Root and Kernel File Systems.
[[0;32m  OK  [0m] Reached target Shutdown.
[  568.594160] reboot: Power down
