[    0.000000] Linux version 4.15.0-204-generic (buildd@lcy02-amd64-030) (gcc version 7.5.0 (Ubuntu 7.5.0-3ubuntu1~18.04)) #215-Ubuntu SMP Fri Jan 20 18:24:59 UTC 2023 (Ubuntu 4.15.0-204.215-generic 4.15.18)
[    0.000000] Command line: BOOT_IMAGE=/boot/vmlinuz-4.15.0-204-generic root=LABEL=cloudimg-rootfs ro console=tty1 console=ttyS0
[    0.000000] KERNEL supported cpus:
[    0.000000]   Intel GenuineIntel
[    0.000000]   AMD AuthenticAMD
[    0.000000]   Centaur CentaurHauls
[    0.000000] [Firmware Bug]: TSC doesn't count with P0 frequency!
[    0.000000] x86/fpu: Supporting XSAVE feature 0x001: 'x87 floating point registers'
[    0.000000] x86/fpu: Supporting XSAVE feature 0x002: 'SSE registers'
[    0.000000] x86/fpu: Supporting XSAVE feature 0x004: 'AVX registers'
[    0.000000] x86/fpu: xstate_offset[2]:  576, xstate_sizes[2]:  256
[    0.000000] x86/fpu: Enabled xstate features 0x7, context size is 832 bytes, using 'standard' format.
[    0.000000] e820: BIOS-provided physical RAM map:
[    0.000000] BIOS-e820: [mem 0x0000000000000000-0x000000000009fbff] usable
[    0.000000] BIOS-e820: [mem 0x000000000009fc00-0x000000000009ffff] reserved
[    0.000000] BIOS-e820: [mem 0x00000000000f0000-0x00000000000fffff] reserved
[    0.000000] BIOS-e820: [mem 0x0000000000100000-0x000000003ffeffff] usable
[    0.000000] BIOS-e820: [mem 0x000000003fff0000-0x000000003fffffff] ACPI data
[    0.000000] BIOS-e820: [mem 0x00000000fec00000-0x00000000fec00fff] reserved
[    0.000000] BIOS-e820: [mem 0x00000000fee00000-0x00000000fee00fff] reserved
[    0.000000] BIOS-e820: [mem 0x00000000fffc0000-0x00000000ffffffff] reserved
[    0.000000] NX (Execute Disable) protection: active
[    0.000000] SMBIOS 2.5 present.
[    0.000000] DMI: innotek GmbH VirtualBox/VirtualBox, BIOS VirtualBox 12/01/2006
[    0.000000] Hypervisor detected: KVM
[    0.000000] e820: last_pfn = 0x3fff0 max_arch_pfn = 0x400000000
[    0.000000] MTRR: Disabled
[    0.000000] x86/PAT: MTRRs disabled, skipping PAT initialization too.
[    0.000000] CPU MTRRs all blank - virtualized system.
[    0.000000] x86/PAT: Configuration [0-7]: WB  WT  UC- UC  WB  WT  UC- UC  
[    0.000000] found SMP MP-table at [mem 0x0009fff0-0x0009ffff]
[    0.000000] Scanning 1 areas for low memory corruption
[    0.000000] RAMDISK: [mem 0x359cb000-0x36cdcfff]
[    0.000000] ACPI: Early table checksum verification disabled
[    0.000000] ACPI: RSDP 0x00000000000E0000 000024 (v02 VBOX  )
[    0.000000] ACPI: XSDT 0x000000003FFF0030 00003C (v01 VBOX   VBOXXSDT 00000001 ASL  00000061)
[    0.000000] ACPI: FACP 0x000000003FFF00F0 0000F4 (v04 VBOX   VBOXFACP 00000001 ASL  00000061)
[    0.000000] ACPI: DSDT 0x000000003FFF0610 002353 (v02 VBOX   VBOXBIOS 00000002 INTL 20100528)
[    0.000000] ACPI: FACS 0x000000003FFF0200 000040
[    0.000000] ACPI: FACS 0x000000003FFF0200 000040
[    0.000000] ACPI: APIC 0x000000003FFF0240 00005C (v02 VBOX   VBOXAPIC 00000001 ASL  00000061)
[    0.000000] ACPI: SSDT 0x000000003FFF02A0 00036C (v01 VBOX   VBOXCPUT 00000002 INTL 20100528)
[    0.000000] ACPI: Reserving FACP table memory at [mem 0x3fff00f0-0x3fff01e3]
[    0.000000] ACPI: Reserving DSDT table memory at [mem 0x3fff0610-0x3fff2962]
[    0.000000] ACPI: Reserving FACS table memory at [mem 0x3fff0200-0x3fff023f]
[    0.000000] ACPI: Reserving FACS table memory at [mem 0x3fff0200-0x3fff023f]
[    0.000000] ACPI: Reserving APIC table memory at [mem 0x3fff0240-0x3fff029b]
[    0.000000] ACPI: Reserving SSDT table memory at [mem 0x3fff02a0-0x3fff060b]
[    0.000000] No NUMA configuration found
[    0.000000] Faking a node at [mem 0x0000000000000000-0x000000003ffeffff]
[    0.000000] NODE_DATA(0) allocated [mem 0x3ffc5000-0x3ffeffff]
[    0.000000] kvm-clock: cpu 0, msr 0:3ff44001, primary cpu clock
[    0.000000] kvm-clock: Using msrs 4b564d01 and 4b564d00
[    0.000000] kvm-clock: using sched offset of 3372852512 cycles
[    0.000000] clocksource: kvm-clock: mask: 0xffffffffffffffff max_cycles: 0x1cd42e4dffb, max_idle_ns: 881590591483 ns
[    0.000000] Zone ranges:
[    0.000000]   DMA      [mem 0x0000000000001000-0x0000000000ffffff]
[    0.000000]   DMA32    [mem 0x0000000001000000-0x000000003ffeffff]
[    0.000000]   Normal   empty
[    0.000000]   Device   empty
[    0.000000] Movable zone start for each node
[    0.000000] Early memory node ranges
[    0.000000]   node   0: [mem 0x0000000000001000-0x000000000009efff]
[    0.000000]   node   0: [mem 0x0000000000100000-0x000000003ffeffff]
[    0.000000] Reserved but unavailable: 104 pages
[    0.000000] Initmem setup node 0 [mem 0x0000000000001000-0x000000003ffeffff]
[    0.000000] ACPI: PM-Timer IO Port: 0x4008
[    0.000000] IOAPIC[0]: apic_id 2, version 32, address 0xfec00000, GSI 0-23
[    0.000000] ACPI: INT_SRC_OVR (bus 0 bus_irq 0 global_irq 2 dfl dfl)
[    0.000000] ACPI: INT_SRC_OVR (bus 0 bus_irq 9 global_irq 9 low level)
[    0.000000] Using ACPI (MADT) for SMP configuration information
[    0.000000] smpboot: Allowing 2 CPUs, 0 hotplug CPUs
[    0.000000] PM: Registered nosave memory: [mem 0x00000000-0x00000fff]
[    0.000000] PM: Registered nosave memory: [mem 0x0009f000-0x0009ffff]
[    0.000000] PM: Registered nosave memory: [mem 0x000a0000-0x000effff]
[    0.000000] PM: Registered nosave memory: [mem 0x000f0000-0x000fffff]
[    0.000000] e820: [mem 0x40000000-0xfebfffff] available for PCI devices
[    0.000000] Booting paravirtualized kernel on KVM
[    0.000000] clocksource: refined-jiffies: mask: 0xffffffff max_cycles: 0xffffffff, max_idle_ns: 7645519600211568 ns
[    0.000000] setup_percpu: NR_CPUS:8192 nr_cpumask_bits:2 nr_cpu_ids:2 nr_node_ids:1
[    0.000000] percpu: Embedded 50 pages/cpu s167936 r8192 d28672 u1048576
[    0.000000] PV qspinlock hash table entries: 256 (order: 0, 4096 bytes)
[    0.000000] Built 1 zonelists, mobility grouping on.  Total pages: 257913
[    0.000000] Policy zone: DMA32
[    0.000000] Kernel command line: BOOT_IMAGE=/boot/vmlinuz-4.15.0-204-generic root=LABEL=cloudimg-rootfs ro console=tty1 console=ttyS0
[    0.000000] Memory: 982644K/1048120K available (12300K kernel code, 2477K rwdata, 4324K rodata, 2480K init, 2720K bss, 65476K reserved, 0K cma-reserved)
[    0.000000] SLUB: HWalign=64, Order=0-3, MinObjects=0, CPUs=2, Nodes=1
[    0.000000] ftrace: allocating 39488 entries in 155 pages
[    0.004000] Hierarchical RCU implementation.
[    0.004000] 	RCU restricting CPUs from NR_CPUS=8192 to nr_cpu_ids=2.
[    0.004000] 	Tasks RCU enabled.
[    0.004000] RCU: Adjusting geometry for rcu_fanout_leaf=16, nr_cpu_ids=2
[    0.004000] NR_IRQS: 524544, nr_irqs: 440, preallocated irqs: 16
[    0.004000] random: crng init done
[    0.004000] Console: colour VGA+ 80x25
[    0.004000] console [tty1] enabled
[    0.004000] console [ttyS0] enabled
[    0.004000] ACPI: Core revision 20170831
[    0.004000] ACPI: 2 ACPI AML tables successfully acquired and loaded
[    0.004000] APIC: Switch to symmetric I/O mode setup
[    0.004000] x2apic enabled
[    0.004000] Switched APIC routing to physical x2apic.
[    0.004000] ..TIMER: vector=0x30 apic1=0 pin1=2 apic2=-1 pin2=-1
[    0.004000] tsc: Detected 2096.060 MHz processor
[    0.004000] Calibrating delay loop (skipped) preset value.. 4192.12 BogoMIPS (lpj=8384240)
[    0.004000] pid_max: default: 32768 minimum: 301
[    0.004000] Security Framework initialized
[    0.004000] Yama: becoming mindful.
[    0.004000] AppArmor: AppArmor initialized
[    0.004000] Dentry cache hash table entries: 131072 (order: 8, 1048576 bytes)
[    0.004000] Inode-cache hash table entries: 65536 (order: 7, 524288 bytes)
[    0.004000] Mount-cache hash table entries: 2048 (order: 2, 16384 bytes)
[    0.004000] Mountpoint-cache hash table entries: 2048 (order: 2, 16384 bytes)
[    0.004000] Last level iTLB entries: 4KB 1024, 2MB 1024, 4MB 512
[    0.004000] Last level dTLB entries: 4KB 1536, 2MB 1536, 4MB 768, 1GB 0
[    0.004000] Spectre V1 : Mitigation: usercopy/swapgs barriers and __user pointer sanitization
[    0.004000] Spectre V2 : Mitigation: Retpolines
[    0.004000] Spectre V2 : Spectre v2 / SpectreRSB mitigation: Filling RSB on context switch
[    0.004000] Spectre V2 : Spectre v2 / SpectreRSB : Filling RSB on VMEXIT
[    0.004000] RETBleed: Vulnerable
[    0.004000] Freeing SMP alternatives memory: 36K
[    0.117757] APIC calibration not consistent with PM-Timer: 110ms instead of 100ms
[    0.119301] APIC delta adjusted to PM-Timer: 6455765 (7159336)
[    0.120078] smpboot: CPU0: AMD Ryzen 5 3550H with Radeon Vega Mobile Gfx (family: 0x17, model: 0x18, stepping: 0x1)
[    0.122205] Performance Events: PMU not available due to virtualization, using software events only.
[    0.124000] Hierarchical SRCU implementation.
[    0.124549] NMI watchdog: Perf event create on CPU 0 failed with -2
[    0.125351] NMI watchdog: Perf NMI watchdog permanently disabled
[    0.126167] smp: Bringing up secondary CPUs ...
[    0.126867] x86: Booting SMP configuration:
[    0.127436] .... node  #0, CPUs:      #1
[    0.004000] kvm-clock: cpu 1, msr 0:3ff44041, secondary cpu clock
[    0.131363] smp: Brought up 1 node, 2 CPUs
[    0.131363] smpboot: Max logical packages: 1
[    0.132004] smpboot: Total of 2 processors activated (8384.24 BogoMIPS)
[    0.132955] devtmpfs: initialized
[    0.132955] x86/mm: Memory block size: 128MB
[    0.133324] evm: security.selinux
[    0.133788] evm: security.SMACK64
[    0.134250] evm: security.SMACK64EXEC
[    0.134749] evm: security.SMACK64TRANSMUTE
[    0.136003] evm: security.SMACK64MMAP
[    0.136502] evm: security.apparmor
[    0.136973] evm: security.ima
[    0.137390] evm: security.capability
[    0.137898] clocksource: jiffies: mask: 0xffffffff max_cycles: 0xffffffff, max_idle_ns: 7645041785100000 ns
[    0.140012] futex hash table entries: 512 (order: 3, 32768 bytes)
[    0.140930] pinctrl core: initialized pinctrl subsystem
[    0.142706] RTC time:  7:13:31, date: 02/14/23
[    0.142706] NET: Registered protocol family 16
[    0.142706] audit: initializing netlink subsys (disabled)
[    0.144031] audit: type=2000 audit(1676358816.487:1): state=initialized audit_enabled=0 res=1
[    0.145132] cpuidle: using governor ladder
[    0.145132] cpuidle: using governor menu
[    0.145132] ACPI: bus type PCI registered
[    0.145132] acpiphp: ACPI Hot Plug PCI Controller Driver version: 0.5
[    0.145132] PCI: Using configuration type 1 for base access
[    0.145894] PCI: Using configuration type 1 for extended access
[    0.148832] HugeTLB registered 2.00 MiB page size, pre-allocated 0 pages
[    0.152066] ACPI: Added _OSI(Module Device)
[    0.152633] ACPI: Added _OSI(Processor Device)
[    0.153226] ACPI: Added _OSI(3.0 _SCP Extensions)
[    0.153843] ACPI: Added _OSI(Processor Aggregator Device)
[    0.154548] ACPI: Added _OSI(Linux-Dell-Video)
[    0.155134] ACPI: Added _OSI(Linux-Lenovo-NV-HDMI-Audio)
[    0.156004] ACPI: Added _OSI(Linux-HPI-Hybrid-Graphics)
[    0.156933] ACPI: Executed 1 blocks of module-level executable AML code
[    0.160615] ACPI: Interpreter enabled
[    0.161166] ACPI: (supports S0 S5)
[    0.161659] ACPI: Using IOAPIC for interrupt routing
[    0.162558] PCI: Using host bridge windows from ACPI; if necessary, use "pci=nocrs" and report a bug
[    0.163902] ACPI: Enabled 2 GPEs in block 00 to 07
[    0.169317] ACPI: PCI Root Bridge [PCI0] (domain 0000 [bus 00-ff])
[    0.170147] acpi PNP0A03:00: _OSC: OS supports [ExtendedConfig ASPM ClockPM Segments MSI]
[    0.172000] acpi PNP0A03:00: _OSC: platform does not support [PCIeCapability]
[    0.172466] acpi PNP0A03:00: _OSC: not requesting control; platform does not support [PCIeCapability]
[    0.173731] acpi PNP0A03:00: _OSC: OS requested [PCIeHotplug PME AER PCIeCapability]
[    0.174780] acpi PNP0A03:00: _OSC: platform willing to grant [PCIeHotplug PME AER]
[    0.176003] acpi PNP0A03:00: _OSC failed (AE_SUPPORT); disabling ASPM
[    0.177247] PCI host bridge to bus 0000:00
[    0.177821] pci_bus 0000:00: root bus resource [io  0x0000-0x0cf7 window]
[    0.178707] pci_bus 0000:00: root bus resource [io  0x0d00-0xffff window]
[    0.179586] pci_bus 0000:00: root bus resource [mem 0x000a0000-0x000bffff window]
[    0.180003] pci_bus 0000:00: root bus resource [mem 0x40000000-0xfdffffff window]
[    0.181068] pci_bus 0000:00: root bus resource [bus 00-ff]
[    0.183518] pci 0000:00:01.1: legacy IDE quirk: reg 0x10: [io  0x01f0-0x01f7]
[    0.184003] pci 0000:00:01.1: legacy IDE quirk: reg 0x14: [io  0x03f6]
[    0.184868] pci 0000:00:01.1: legacy IDE quirk: reg 0x18: [io  0x0170-0x0177]
[    0.185798] pci 0000:00:01.1: legacy IDE quirk: reg 0x1c: [io  0x0376]
[    0.203691] pci 0000:00:07.0: quirk: [io  0x4000-0x403f] claimed by PIIX4 ACPI
[    0.204017] pci 0000:00:07.0: quirk: [io  0x4100-0x410f] claimed by PIIX4 SMB
[    0.217683] ACPI: PCI Interrupt Link [LNKA] (IRQs 5 9 10 *11)
[    0.218791] ACPI: PCI Interrupt Link [LNKB] (IRQs 5 9 *10 11)
[    0.219657] ACPI: PCI Interrupt Link [LNKC] (IRQs 5 *9 10 11)
[    0.220119] ACPI: PCI Interrupt Link [LNKD] (IRQs 5 9 10 *11)
[    0.221240] SCSI subsystem initialized
[    0.221794] pci 0000:00:02.0: vgaarb: setting as boot VGA device
[    0.221794] pci 0000:00:02.0: vgaarb: VGA device added: decodes=io+mem,owns=io+mem,locks=none
[    0.224013] pci 0000:00:02.0: vgaarb: bridge control possible
[    0.224793] vgaarb: loaded
[    0.225205] ACPI: bus type USB registered
[    0.225795] usbcore: registered new interface driver usbfs
[    0.226520] usbcore: registered new interface driver hub
[    0.226520] usbcore: registered new device driver usb
[    0.228022] EDAC MC: Ver: 3.0.0
[    0.228676] PCI: Using ACPI for IRQ routing
[    0.228866] NetLabel: Initializing
[    0.229428] NetLabel:  domain hash size = 128
[    0.230121] NetLabel:  protocols = UNLABELED CIPSOv4 CALIPSO
[    0.232017] NetLabel:  unlabeled traffic allowed by default
[    0.232792] clocksource: Switched to clocksource kvm-clock
[    0.242310] VFS: Disk quotas dquot_6.6.0
[    0.242310] VFS: Dquot-cache hash table entries: 512 (order 0, 4096 bytes)
[    0.242310] AppArmor: AppArmor Filesystem Enabled
[    0.242310] pnp: PnP ACPI init
[    0.242310] pnp: PnP ACPI: found 3 devices
[    0.256861] clocksource: acpi_pm: mask: 0xffffff max_cycles: 0xffffff, max_idle_ns: 2085701024 ns
[    0.258050] NET: Registered protocol family 2
[    0.258700] IP idents hash table entries: 16384 (order: 5, 131072 bytes)
[    0.260732] TCP established hash table entries: 8192 (order: 4, 65536 bytes)
[    0.261729] TCP bind hash table entries: 8192 (order: 5, 131072 bytes)
[    0.262625] TCP: Hash tables configured (established 8192 bind 8192)
[    0.263511] UDP hash table entries: 512 (order: 2, 16384 bytes)
[    0.264309] UDP-Lite hash table entries: 512 (order: 2, 16384 bytes)
[    0.265162] NET: Registered protocol family 1
[    0.265756] pci 0000:00:00.0: Limiting direct PCI/PCI transfers
[    0.266551] pci 0000:00:01.0: Activating ISA DMA hang workarounds
[    0.267360] pci 0000:00:02.0: Video device with shadowed ROM at [mem 0x000c0000-0x000dffff]
[    0.268297] Unpacking initramfs...
[    0.526156] Freeing initrd memory: 19528K
[    0.526892] clocksource: tsc: mask: 0xffffffffffffffff max_cycles: 0x1e36a685b69, max_idle_ns: 440795255641 ns
[    0.528284] platform rtc_cmos: registered platform RTC device (no PNP device found)
[    0.529341] Scanning for low memory corruption every 60 seconds
[    0.530705] Initialise system trusted keyrings
[    0.531326] Key type blacklist registered
[    0.531982] workingset: timestamp_bits=36 max_order=18 bucket_order=0
[    0.533579] zbud: loaded
[    0.534609] squashfs: version 4.0 (2009/01/31) Phillip Lougher
[    0.535897] fuse init (API version 7.26)
[    0.538800] Key type asymmetric registered
[    0.539366] Asymmetric key parser 'x509' registered
[    0.540032] Block layer SCSI generic (bsg) driver version 0.4 loaded (major 246)
[    0.541790] io scheduler noop registered
[    0.542336] io scheduler deadline registered
[    0.542939] io scheduler cfq registered (default)
[    0.543838] ACPI: AC Adapter [AC] (on-line)
[    0.544480] input: Power Button as /devices/LNXSYSTM:00/LNXPWRBN:00/input/input0
[    0.545569] ACPI: Power Button [PWRF]
[    0.546165] input: Sleep Button as /devices/LNXSYSTM:00/LNXSLPBN:00/input/input1
[    0.547135] ACPI: Sleep Button [SLPF]
[    0.548046] Serial: 8250/16550 driver, 32 ports, IRQ sharing enabled
[    0.548652] ACPI: Battery Slot [BAT0] (battery present)
[    0.569936] 00:02: ttyS0 at I/O 0x3f8 (irq = 4, base_baud = 115200) is a 16550A
[    0.573207] Linux agpgart interface v0.103
[    0.576624] loop: module loaded
[    0.577934] scsi host0: ata_piix
[    0.578550] scsi host1: ata_piix
[    0.579278] ata1: PATA max UDMA/33 cmd 0x1f0 ctl 0x3f6 bmdma 0xd000 irq 14
[    0.580388] ata2: PATA max UDMA/33 cmd 0x170 ctl 0x376 bmdma 0xd008 irq 15
[    0.581629] tun: Universal TUN/TAP device driver, 1.6
[    0.582356] PPP generic driver version 2.4.2
[    0.582979] ehci_hcd: USB 2.0 'Enhanced' Host Controller (EHCI) Driver
[    0.583802] ehci-pci: EHCI PCI platform driver
[    0.584409] ehci-platform: EHCI generic platform driver
[    0.585079] ohci_hcd: USB 1.1 'Open' Host Controller (OHCI) Driver
[    0.585839] ohci-pci: OHCI PCI platform driver
[    0.586420] ohci-platform: OHCI generic platform driver
[    0.587089] uhci_hcd: USB Universal Host Controller Interface driver
[    0.587920] i8042: PNP: PS/2 Controller [PNP0303:PS2K,PNP0f03:PS2M] at 0x60,0x64 irq 1,12
[    0.589389] serio: i8042 KBD port at 0x60,0x64 irq 1
[    0.590066] serio: i8042 AUX port at 0x60,0x64 irq 12
[    0.590870] mousedev: PS/2 mouse device common for all mice
[    0.591853] input: AT Translated Set 2 keyboard as /devices/platform/i8042/serio0/input/input2
[    0.593282] rtc_cmos rtc_cmos: rtc core: registered rtc_cmos as rtc0
[    0.594131] rtc_cmos rtc_cmos: alarms up to one day, 114 bytes nvram
[    0.594957] i2c /dev entries driver
[    0.595548] device-mapper: uevent: version 1.0.3
[    0.596306] device-mapper: ioctl: 4.37.0-ioctl (2017-09-20) initialised: dm-devel@redhat.com
[    0.597461] ledtrig-cpu: registered to indicate activity on CPUs
[    0.598607] NET: Registered protocol family 10
[    0.602150] Segment Routing with IPv6
[    0.602716] NET: Registered protocol family 17
[    0.603394] Key type dns_resolver registered
[    0.604197] mce: Using 0 MCE banks
[    0.604793] RAS: Correctable Errors collector initialized.
[    0.605525] sched_clock: Marking stable (604146466, 0)->(753010157, -148863691)
[    0.606771] registered taskstats version 1
[    0.607337] Loading compiled-in X.509 certificates
[    0.609777] Loaded X.509 cert 'Build time autogenerated kernel key: 449f52b446813ee48ad446aa51a5377584e80c28'
[    0.611496] Loaded X.509 cert 'Canonical Ltd. Live Patch Signing: 14df34d1a87cf37625abec039ef2bf521249b969'
[    0.613286] Loaded X.509 cert 'Canonical Ltd. Kernel Module Signing: 88f752e560a1e0737e31163a466ad7b70a850c19'
[    0.614537] blacklist: Loading compiled-in revocation X.509 certificates
[    0.615395] Loaded X.509 cert 'Canonical Ltd. Secure Boot Signing: 61482aa2830d0ab2ad5af10b7250da9033ddcef0'
[    0.616686] Loaded X.509 cert 'Canonical Ltd. Secure Boot Signing (2017): 242ade75ac4a15e50d50c84b0d45ff3eae707a03'
[    0.618246] Loaded X.509 cert 'Canonical Ltd. Secure Boot Signing (ESM 2018): 365188c1d374d6b07c3c8f240f8ef722433d6a8b'
[    0.620338] Loaded X.509 cert 'Canonical Ltd. Secure Boot Signing (2019): c0746fd6c5da3ae827864651ad66ae47fe24b3e8'
[    0.622347] Loaded X.509 cert 'Canonical Ltd. Secure Boot Signing (2021 v1): a8d54bbb3825cfb94fa13c9f8a594a195c107b8d'
[    0.624118] Loaded X.509 cert 'Canonical Ltd. Secure Boot Signing (2021 v2): 4cf046892d6fd3c9a5b03f98d845f90851dc6a8c'
[    0.625566] Loaded X.509 cert 'Canonical Ltd. Secure Boot Signing (2021 v3): 100437bb6de6e469b581e61cd66bce3ef4ed53af'
[    0.626935] Loaded X.509 cert 'Canonical Ltd. Secure Boot Signing (Ubuntu Core 2019): c1d57b8f6b743f23ee41f4f7ee292f06eecadfb9'
[    0.628417] zswap: loaded using pool lzo/zbud
[    0.632755] Key type big_key registered
[    0.633313] Key type trusted registered
[    0.635283] Key type encrypted registered
[    0.635823] AppArmor: AppArmor sha1 policy hashing enabled
[    0.636547] ima: No TPM chip found, activating TPM-bypass! (rc=-19)
[    0.637355] ima: Allocated hash algorithm: sha1
[    0.637959] evm: HMAC attrs: 0x1
[    0.638640]   Magic number: 11:933:217
[    0.639246] rtc_cmos rtc_cmos: setting system clock to 2023-02-14 07:13:32 UTC (1676358812)
[    0.640449] BIOS EDD facility v0.16 2004-Jun-25, 0 devices found
[    0.641606] EDD information not available.
[    0.767181] Freeing unused kernel image memory: 2480K
[    1.049984] Write protecting the kernel read-only data: 20480k
[    1.052016] Freeing unused kernel image memory: 2008K
[    1.053554] Freeing unused kernel image memory: 1820K
[    1.062465] x86/mm: Checked W+X mappings: passed, no W+X pages found.
Loading, please wait...
starting version 237
[    1.128827] e1000: Intel(R) PRO/1000 Network Driver - version 7.3.21-k8-NAPI
[    1.130052] e1000: Copyright (c) 1999-2006 Intel Corporation.
[    1.135044] Fusion MPT base driver 3.04.20
[    1.135694] Copyright (c) 1999-2008 LSI Corporation
[    1.151254] AVX2 version of gcm_enc/dec engaged.
[    1.151915] AES CTR mode by8 optimization enabled
[    1.154128] Fusion MPT SPI Host driver 3.04.20
[    1.361955] input: ImExPS/2 Generic Explorer Mouse as /devices/platform/i8042/serio1/input/input4
[    1.496300] e1000 0000:00:03.0 eth0: (PCI:33MHz:32-bit) 02:1d:71:e8:cf:d1
[    1.497229] e1000 0000:00:03.0 eth0: Intel(R) PRO/1000 Network Connection
[    1.498978] mptbase: ioc0: Initiating bringup
[    1.624723] ioc0: LSI53C1030 A0: Capabilities={Initiator}
[    1.866646] scsi host2: ioc0: LSI53C1030 A0, FwRev=00000000h, Ports=1, MaxQ=256, IRQ=20
[    2.449739] scsi 2:0:0:0: Direct-Access     VBOX     HARDDISK         1.0  PQ: 0 ANSI: 5
[    2.488725] scsi target2:0:0: Beginning Domain Validation
[    2.491224] scsi target2:0:0: Domain Validation skipping write tests
[    2.492673] scsi target2:0:0: Ending Domain Validation
[    2.493777] scsi target2:0:0: asynchronous
[    2.495329] scsi 2:0:1:0: Direct-Access     VBOX     HARDDISK         1.0  PQ: 0 ANSI: 5
[    2.772587] scsi target2:0:1: Beginning Domain Validation
[    2.774569] scsi target2:0:1: Domain Validation skipping write tests
[    2.775654] scsi target2:0:1: Ending Domain Validation
[    2.776610] scsi target2:0:1: asynchronous
[    2.780843] sd 2:0:0:0: Attached scsi generic sg0 type 0
[    2.782015] sd 2:0:0:0: [sda] 83886080 512-byte logical blocks: (42.9 GB/40.0 GiB)
[    2.782032] sd 2:0:1:0: Attached scsi generic sg1 type 0
[    2.783596] sd 2:0:1:0: [sdb] 20480 512-byte logical blocks: (10.5 MB/10.0 MiB)
[    2.785795] sd 2:0:0:0: [sda] Write Protect is off
[    2.786638] sd 2:0:1:0: [sdb] Write Protect is off
[    2.786701] sd 2:0:0:0: [sda] Incomplete mode parameter data
[    2.788077] sd 2:0:0:0: [sda] Assuming drive cache: write through
[    2.788979] sd 2:0:1:0: [sdb] Incomplete mode parameter data
[    2.789716] sd 2:0:1:0: [sdb] Assuming drive cache: write through
[    2.793189]  sda: sda1
[    2.793974] sd 2:0:0:0: [sda] Attached SCSI disk
[    2.807566] e1000 0000:00:08.0 eth1: (PCI:33MHz:32-bit) 08:00:27:aa:89:62
[    2.808856] e1000 0000:00:08.0 eth1: Intel(R) PRO/1000 Network Connection
[    2.826108] sd 2:0:1:0: [sdb] Attached SCSI disk
[    2.828487] e1000 0000:00:03.0 enp0s3: renamed from eth0
[    2.844507] e1000 0000:00:08.0 enp0s8: renamed from eth1
Begin: Loading essential drivers ... [    4.268233] raid6: sse2x1   gen()  7635 MB/s
[    4.316251] raid6: sse2x1   xor()  7309 MB/s
[    4.364229] raid6: sse2x2   gen() 15546 MB/s
[    4.412325] raid6: sse2x2   xor()  9542 MB/s
[    4.460362] raid6: sse2x4   gen() 15895 MB/s
[    4.508349] raid6: sse2x4   xor()  9003 MB/s
[    4.556421] raid6: avx2x1   gen() 16609 MB/s
[    4.604498] raid6: avx2x1   xor() 13176 MB/s
[    4.652047] raid6: avx2x2   gen() 21851 MB/s
[    4.700610] raid6: avx2x2   xor() 14330 MB/s
[    4.748147] raid6: avx2x4   gen() 22820 MB/s
[    4.796196] raid6: avx2x4   xor() 11919 MB/s
[    4.796806] raid6: using algorithm avx2x4 gen() 22820 MB/s
[    4.797520] raid6: .... xor() 11919 MB/s, rmw enabled
[    4.798185] raid6: using avx2x2 recovery algorithm
[    4.799790] xor: automatically using best checksumming function   avx       
[    4.801656] async_tx: api initialized (async)
done.
Begin: Running /scripts/init-premount ... done.
Begin: Mounting root file system ... Begin: Running /scripts/local-top ... done.
Begin: Running /scripts/local-premount ... [    4.841018] Btrfs loaded, crc32c=crc32c-intel
Scanning for Btrfs filesystems
done.
Warning: fsck not present, so skipping root file system
[    6.673658] EXT4-fs (sda1): mounted filesystem with ordered data mode. Opts: (null)
done.
Begin: Running /scripts/local-bottom ... done.
Begin: Running /scripts/init-bottom ... done.
[    7.966751] ip_tables: (C) 2000-2006 Netfilter Core Team
[    8.001530] systemd[1]: systemd 237 running in system mode. (+PAM +AUDIT +SELINUX +IMA +APPARMOR +SMACK +SYSVINIT +UTMP +LIBCRYPTSETUP +GCRYPT +GNUTLS +ACL +XZ +LZ4 +SECCOMP +BLKID +ELFUTILS +KMOD -IDN2 +IDN -PCRE2 default-hierarchy=hybrid)
[    8.005350] systemd[1]: Detected virtualization oracle.
[    8.006278] systemd[1]: Detected architecture x86-64.

Welcome to [1mUbuntu 18.04.6 LTS[0m!

[    8.027965] systemd[1]: Set hostname to <web01>.
[    9.115933] systemd[1]: Reached target Swap.
[[0;32m  OK  [0m] Reached target Swap.
[    9.117280] systemd[1]: Reached target Mounting snaps.
[[0;32m  OK  [0m] Reached target Mounting snaps.
[    9.120253] systemd[1]: Created slice User and Session Slice.
[[0;32m  OK  [0m] Created slice User and Session Slice.
[    9.121864] systemd[1]: Reached target User and Group Name Lookups.
[[0;32m  OK  [0m] Reached target User and Group Name Lookups.
[    9.468680] systemd[1]: Reached target Mounted snaps.
[[0;32m  OK  [0m] Reached target Mounted snaps.
[    9.470408] systemd[1]: Started Forward Password Requests to Wall Directory Watch.
[[0;32m  OK  [0m] Started Forward Password Requests to Wall Directory Watch.
[[0;32m  OK  [0m] Set up automount Arbitrary Executab…rmats File System Automount Point.
[[0;32m  OK  [0m] Reached target System Time Synchronized.
[[0;32m  OK  [0m] Created slice System Slice.
[[0;32m  OK  [0m] Listening on udev Control Socket.
[[0;32m  OK  [0m] Listening on udev Kernel Socket.
[[0;32m  OK  [0m] Listening on Network Service Netlink Socket.
[[0;32m  OK  [0m] Listening on LVM2 poll daemon socket.
[[0;32m  OK  [0m] Listening on Device-mapper event daemon FIFOs.
[[0;32m  OK  [0m] Listening on Journal Socket.
         Mounting Huge Pages File System...
         Mounting Kernel Debug File System...
         Starting Uncomplicated firewall...
[[0;32m  OK  [0m] Created slice system-serial\x2dgetty.slice.
[[0;32m  OK  [0m] Listening on LVM2 metadata daemon socket.
[[0;32m  OK  [0m] Listening on /dev/initctl Compatibility Named Pipe.
         Mounting POSIX Message Queue File System...
         Starting Set the console keyboard layout...
[[0;32m  OK  [0m] Listening on Journal Audit Socket.
         Starting udev Coldplug all Devices...
[[0;32m  OK  [0m] Listening on Syslog Socket.
         Starting Monitoring of LVM2 mirrors…ng dmeventd or progress polling...
[[0;32m  OK  [0m] Listening on Journal Socket (/dev/log).
         Starting Load Kernel Modules...
         Starting Journal Service...
[[0;32m  OK  [0m] Reached target Slices.
         Starting Create list of required st…ce nodes for the current kernel...
[[0;32m  OK  [0m] Listening on fsck to fsckd communication Socket.
         Starting File System Check on Root Device...
[[0;32m  OK  [0m] Mounted Huge Pages File System.
[[0;32m  OK  [0m] Mounted Kernel Debug File System.
[[0;32m  OK  [0m] Started Uncomplicated firewall.
[[0;32m  OK  [0m] Mounted POSIX Message Queue File System.
[[0;32m  OK  [0m] Started udev Coldplug all Devices.
[[0;32m  OK  [0m] Started File System Check Daemon to report status.
[[0;32m  OK  [0m] Started Journal Service.
[[0;32m  OK  [0m] Started Create list of required sta…vice nodes for the current kernel.
         Starting Create Static Device Nodes in /dev...
[[0;32m  OK  [0m] Started File System Check on Root Device.
         Starting Remount Root and Kernel File Systems...
[   10.401810] Loading iSCSI transport class v2.0-870.
[   10.420866] iscsi: registered transport (tcp)
[   10.572400] EXT4-fs (sda1): re-mounted. Opts: (null)
[[0;32m  OK  [0m] Started Remount Root and Kernel File Systems.
         Starting Flush Journal to Persistent Storage...
         Starting Load/Save Random Seed...
[   10.612058] iscsi: registered transport (iser)
[[0;32m  OK  [0m] Started Set the console keyboard layout.
[[0;32m  OK  [0m] Started Load Kernel Modules.
[[0;32m  OK  [0m] Started Create Static Device Nodes in /dev.
[[0;32m  OK  [0m] Started Load/Save Random Seed.
[[0;32m  OK  [0m] Started LVM2 metadata daemon.
         Starting udev Kernel Device Manager...
         Starting Apply Kernel Variables...
         Mounting FUSE Control File System...
         Mounting Kernel Configuration File System...
[[0;32m  OK  [0m] Mounted FUSE Control File System.
[[0;32m  OK  [0m] Mounted Kernel Configuration File System.
[   10.695274] systemd-journald[418]: Received request to flush runtime journal from PID 1
[[0;32m  OK  [0m] Started udev Kernel Device Manager.
[[0;32m  OK  [0m] Started Dispatch Password Requests to Console Directory Watch.
[[0;32m  OK  [0m] Reached target Local Encrypted Volumes.
[[0;32m  OK  [0m] Started Monitoring of LVM2 mirrors,…sing dmeventd or progress polling.
[[0;32m  OK  [0m] Reached target Local File Systems (Pre).
[[0;32m  OK  [0m] Reached target Local File Systems.
         Starting Tell Plymouth To Write Out Runtime Data...
         Starting ebtables ruleset management...
         Starting Set console font and keymap...
         Starting AppArmor initialization...
[[0;32m  OK  [0m] Started Apply Kernel Variables.
[[0;32m  OK  [0m] Started Tell Plymouth To Write Out Runtime Data.
[[0;32m  OK  [0m] Started Set console font and keymap.
[[0;32m  OK  [0m] Found device /dev/ttyS0.
[[0;32m  OK  [0m] Listening on Load/Save RF Kill Switch Status /dev/rfkill Watch.
[[0;32m  OK  [0m] Started Flush Journal to Persistent Storage.
         Starting Create Volatile Files and Directories...
[[0;32m  OK  [0m] Started ebtables ruleset management.
[[0;32m  OK  [0m] Started Create Volatile Files and Directories.
         Starting Update UTMP about System Boot/Shutdown...
[[0;32m  OK  [0m] Started Update UTMP about System Boot/Shutdown.
[[0;32m  OK  [0m] Started AppArmor initialization.
         Starting Initial cloud-init job (pre-networking)...
         Starting Load AppArmor profiles managed internally by snapd...
         Mounting Arbitrary Executable File Formats File System...
[[0;32m  OK  [0m] Mounted Arbitrary Executable File Formats File System.
[[0;32m  OK  [0m] Started Load AppArmor profiles managed internally by snapd.
[   15.758356] cloud-init[573]: Cloud-init v. 22.4.2-0ubuntu0~18.04.1 running 'init-local' at Tue, 14 Feb 2023 07:13:47 +0000. Up 15.40 seconds.
[[0;32m  OK  [0m] Started Initial cloud-init job (pre-networking).
[[0;32m  OK  [0m] Reached target Network (Pre).
         Starting Network Service...
[[0;32m  OK  [0m] Started Network Service.
         Starting Wait for Network to be Configured...
         Starting Network Name Resolution...
[[0;32m  OK  [0m] Started Network Name Resolution.
[[0;32m  OK  [0m] Reached target Network.
[[0;32m  OK  [0m] Reached target Host and Network Name Lookups.
[[0;32m  OK  [0m] Started Wait for Network to be Configured.
         Starting Initial cloud-init job (metadata service crawler)...
[   18.408221] cloud-init[696]: Cloud-init v. 22.4.2-0ubuntu0~18.04.1 running 'init' at Tue, 14 Feb 2023 07:13:50 +0000. Up 18.27 seconds.
[   18.411217] cloud-init[696]: ci-info: ++++++++++++++++++++++++++++++++++++++Net device info+++++++++++++++++++++++++++++++++++++++
[   18.413211] cloud-init[696]: ci-info: +--------+------+-----------------------------+---------------+--------+-------------------+
[   18.415224] cloud-init[696]: ci-info: | Device |  Up  |           Address           |      Mask     | Scope  |     Hw-Address    |
[   18.416998] cloud-init[696]: ci-info: +--------+------+-----------------------------+---------------+--------+-------------------+
[   18.418707] cloud-init[696]: ci-info: | enp0s3 | True |          10.0.2.15          | 255.255.255.0 | global | 02:1d:71:e8:cf:d1 |
[   18.420485] cloud-init[696]: ci-info: | enp0s3 | True |  fe80::1d:71ff:fee8:cfd1/64 |       .       |  link  | 02:1d:71:e8:cf:d1 |
[   18.421868] cloud-init[696]: ci-info: | enp0s8 | True |        192.168.56.11        | 255.255.255.0 | global | 08:00:27:aa:89:62 |
[   18.423043] cloud-init[696]: ci-info: | enp0s8 | True | fe80::a00:27ff:feaa:8962/64 |       .       |  link  | 08:00:27:aa:89:62 |
[   18.424374] cloud-init[696]: ci-info: |   lo   | True |          127.0.0.1          |   255.0.0.0   |  host  |         .         |
[   18.425615] cloud-init[696]: ci-info: |   lo   | True |           ::1/128           |       .       |  host  |         .         |
[   18.426889] cloud-init[696]: ci-info: +--------+------+-----------------------------+---------------+--------+-------------------+
[   18.428038] cloud-init[696]: ci-info: +++++++++++++++++++++++++++++Route IPv4 info+++++++++++++++++++++++++++++
[   18.429548] cloud-init[696]: ci-info: +-------+--------------+----------+-----------------+-----------+-------+
[   18.430635] cloud-init[696]: ci-info: | Route | Destination  | Gateway  |     Genmask     | Interface | Flags |
[   18.431994] cloud-init[696]: ci-info: +-------+--------------+----------+-----------------+-----------+-------+
[   18.433720] cloud-init[696]: ci-info: |   0   |   0.0.0.0    | 10.0.2.2 |     0.0.0.0     |   enp0s3  |   UG  |
[   18.434804] cloud-init[696]: ci-info: |   1   |   10.0.2.0   | 0.0.0.0  |  255.255.255.0  |   enp0s3  |   U   |
[   18.435816] cloud-init[696]: ci-info: |   2   |   10.0.2.2   | 0.0.0.0  | 255.255.255.255 |   enp0s3  |   UH  |
[   18.436956] cloud-init[696]: ci-info: |   3   | 192.168.56.0 | 0.0.0.0  |  255.255.255.0  |   enp0s8  |   U   |
[   18.438062] cloud-init[696]: ci-info: +-------+--------------+----------+-----------------+-----------+-------+
[   18.439101] cloud-init[696]: ci-info: +++++++++++++++++++Route IPv6 info+++++++++++++++++++
[   18.440077] cloud-init[696]: ci-info: +-------+-------------+---------+-----------+-------+
[   18.441021] cloud-init[696]: ci-info: | Route | Destination | Gateway | Interface | Flags |
[   18.442976] cloud-init[696]: ci-info: +-------+-------------+---------+-----------+-------+
[   18.444334] cloud-init[696]: ci-info: |   1   |  fe80::/64  |    ::   |   enp0s8  |   U   |
[   18.445632] cloud-init[696]: ci-info: |   2   |  fe80::/64  |    ::   |   enp0s3  |   U   |
[   18.447021] cloud-init[696]: ci-info: |   4   |    local    |    ::   |   enp0s3  |   U   |
[   18.448277] cloud-init[696]: ci-info: |   5   |    local    |    ::   |   enp0s8  |   U   |
[   18.449611] cloud-init[696]: ci-info: |   6   |   ff00::/8  |    ::   |   enp0s8  |   U   |
[   18.451030] cloud-init[696]: ci-info: |   7   |   ff00::/8  |    ::   |   enp0s3  |   U   |
[   18.452266] cloud-init[696]: ci-info: +-------+-------------+---------+-----------+-------+
[[0;32m  OK  [0m] Started Initial cloud-init job (metadata service crawler).
[[0;32m  OK  [0m] Reached target Cloud-config availability.
[[0;32m  OK  [0m] Reached target Network is Online.
         Starting Availability of block devices...
[[0;32m  OK  [0m] Reached target Remote File Systems (Pre).
         Mounting /vagrant...
[[0;32m  OK  [0m] Reached target System Initialization.
[[0;32m  OK  [0m] Started Discard unused blocks once a week.
[[0;32m  OK  [0m] Started Message of the Day.
[[0;32m  OK  [0m] Listening on Open-iSCSI iscsid Socket.
[[0;32m  OK  [0m] Listening on cloud-init hotplug hook socket.
[[0;32m  OK  [0m] Started ACPI Events Check.
[[0;32m  OK  [0m] Reached target Paths.
[[0;32m  OK  [0m] Listening on ACPID Listen Socket.
         Starting LXD - unix socket.
[[0;32m  OK  [0m] Started Ubuntu Advantage Timer for running repeated jobs.
[[0;32m  OK  [0m] Started Daily apt download activities.
[[0;32m  OK  [0m] Started Daily apt upgrade and clean activities.
         Starting Socket activation for snappy daemon.
[[0;32m  OK  [0m] Listening on UUID daemon activation socket.
[[0;32m  OK  [0m] Listening on D-Bus System Message Bus Socket.
[[0;32m  OK  [0m] Started Daily Cleanup of Temporary Directories.
[[0;32m  OK  [0m] Reached target Timers.
[[0;32m  OK  [0m] Started Availability of block devices.
[[0;32m  OK  [0m] Listening on LXD - unix socket.
[[0;32m  OK  [0m] Listening on Socket activation for snappy daemon.
[[0;32m  OK  [0m] Reached target Sockets.
[[0;32m  OK  [0m] Reached target Basic System.
[[0;32m  OK  [0m] Started irqbalance daemon.
[[0;32m  OK  [0m] Reached target Login Prompts (Pre).
         Starting Login Service...
[[0;32m  OK  [0m] Started Deferred execution scheduler.
[[0;32m  OK  [0m] Started FUSE filesystem for LXC.
         Starting Message of the Day...
[[0;32m  OK  [0m] Started Regular background program processing daemon.
         Starting OpenBSD Secure Shell server...
         Starting Dispatcher daemon for systemd-networkd...
         Starting LSB: Record successful boot for GRUB...
         Starting Accounts Service...
         Starting System Logging Service...
         Starting Virtualbox guest utils...
[[0;32m  OK  [0m] Started D-Bus System Message Bus.
         Starting Snap Daemon...
         Starting LXD - container startup/shutdown...
[[0;32m  OK  [0m] Started System Logging Service.
[[0;32m  OK  [0m] Mounted /vagrant.
[[0;32m  OK  [0m] Started Login Service.
[[0;32m  OK  [0m] Started Unattended Upgrades Shutdown.
[[0;32m  OK  [0m] Reached target Remote File Systems.
         Starting Permit User Sessions...
         Starting LSB: automatic crash report generation...
[[0;32m  OK  [0m] Started Permit User Sessions.
         Starting Hold until boot process finishes up...
         Starting Terminate Plymouth Boot Screen...
[[0;32m  OK  [0m] Started Hold until boot process finishes up.
         Starting Set console scheme...
[[0;32m  OK  [0m] Started Serial Getty on ttyS0.
[[0;32m  OK  [0m] Started Terminate Plymouth Boot Screen.
[[0;32m  OK  [0m] Started LSB: Record successful boot for GRUB.
[[0;32m  OK  [0m] Started Set console scheme.
[[0;32m  OK  [0m] Created slice system-getty.slice.
[[0;32m  OK  [0m] Started Getty on tty1.
[[0;32m  OK  [0m] Reached target Login Prompts.
         Starting Authorization Manager...
[[0;32m  OK  [0m] Started LSB: automatic crash report generation.
[[0;32m  OK  [0m] Started Authorization Manager.
[[0;32m  OK  [0m] Started Accounts Service.
[[0;32m  OK  [0m] Started Virtualbox guest utils.
[[0;32m  OK  [0m] Started OpenBSD Secure Shell server.
[[0;32m  OK  [0m] Created slice User Slice of vagrant.
         Starting User Manager for UID 1000...
[[0;32m  OK  [0m] Started Session 1 of user vagrant.
[[0;32m  OK  [0m] Started Dispatcher daemon for systemd-networkd.
[[0;32m  OK  [0m] Started User Manager for UID 1000.
[[0;32m  OK  [0m] Started Message of the Day.
[[0;32m  OK  [0m] Started LXD - container startup/shutdown.
[[0;32m  OK  [0m] Started Snap Daemon.
         Starting Wait until snapd is fully seeded...
         Starting Time & Date Service...
[[0;32m  OK  [0m] Started Time & Date Service.
[[0;32m  OK  [0m] Started Wait until snapd is fully seeded.
         Starting Apply the settings specified in cloud-config...
[   25.635748] cloud-init[1354]: Cloud-init v. 22.4.2-0ubuntu0~18.04.1 running 'modules:config' at Tue, 14 Feb 2023 07:13:57 +0000. Up 25.44 seconds.

Ubuntu 18.04.6 LTS web01 ttyS0

web01 login: [   26.890709] cloud-init[1434]: Cloud-init v. 22.4.2-0ubuntu0~18.04.1 running 'modules:final' at Tue, 14 Feb 2023 07:13:57 +0000. Up 26.10 seconds.
[   26.890882] cloud-init[1434]: Cloud-init v. 22.4.2-0ubuntu0~18.04.1 finished at Tue, 14 Feb 2023 07:13:58 +0000. Datasource DataSourceNoCloud [seed=/dev/sdb][dsmode=net].  Up 26.87 seconds
